29-May-2018 12:48:10.612 INFO [http-nio-500-exec-6] org.apache.catalina.core.ApplicationContext.log Manager: init: Associated with Deployer 'Catalina:type=Deployer,host=localhost'
29-May-2018 12:48:10.613 INFO [http-nio-500-exec-6] org.apache.catalina.core.ApplicationContext.log Manager: init: Global resources are available
29-May-2018 12:48:11.554 INFO [http-nio-500-exec-9] org.apache.catalina.core.ApplicationContext.log Manager: list: Listing contexts for virtual host 'localhost'
29-May-2018 12:48:11.558 INFO [http-nio-500-exec-10] org.apache.catalina.core.ApplicationContext.log Manager: list: Listing contexts for virtual host 'localhost'
29-May-2018 12:48:11.615 INFO [http-nio-500-exec-2] org.apache.catalina.core.ApplicationContext.log Manager: install: Installing context configuration at 'file:/C:/Users/Rio.Rai/AppData/Local/Temp/context4679110968517224988.xml'
29-May-2018 12:48:18.611 INFO [http-nio-500-exec-1] org.apache.catalina.core.ApplicationContext.log Manager: start: Starting web application '/springWebMvc'
29-May-2018 13:00:17.269 INFO [http-nio-500-exec-8] org.apache.catalina.core.ApplicationContext.log Manager: list: Listing contexts for virtual host 'localhost'
29-May-2018 13:00:17.305 INFO [http-nio-500-exec-9] org.apache.catalina.core.ApplicationContext.log Manager: restart: Reloading web application '/springWebMvc'
29-May-2018 13:00:30.218 INFO [http-nio-500-exec-12] org.apache.catalina.core.ApplicationContext.log Manager: list: Listing contexts for virtual host 'localhost'
29-May-2018 13:00:30.229 INFO [http-nio-500-exec-1] org.apache.catalina.core.ApplicationContext.log Manager: restart: Reloading web application '/springWebMvc'
29-May-2018 13:02:52.145 INFO [http-nio-500-exec-17] org.apache.catalina.core.ApplicationContext.log Manager: list: Listing contexts for virtual host 'localhost'
29-May-2018 13:10:08.377 INFO [http-nio-500-exec-22] org.apache.catalina.core.ApplicationContext.log Manager: list: Listing contexts for virtual host 'localhost'
29-May-2018 13:14:41.638 INFO [http-nio-500-exec-14] org.apache.catalina.core.ApplicationContext.log Manager: list: Listing contexts for virtual host 'localhost'
29-May-2018 13:14:41.662 INFO [http-nio-500-exec-19] org.apache.catalina.core.ApplicationContext.log Manager: restart: Reloading web application '/springWebMvc'
29-May-2018 13:14:58.598 INFO [http-nio-500-exec-22] org.apache.catalina.core.ApplicationContext.log Manager: list: Listing contexts for virtual host 'localhost'
29-May-2018 13:14:58.608 INFO [http-nio-500-exec-16] org.apache.catalina.core.ApplicationContext.log Manager: restart: Reloading web application '/springWebMvc'
29-May-2018 13:18:34.489 INFO [http-nio-500-exec-25] org.apache.catalina.core.ApplicationContext.log Manager: list: Listing contexts for virtual host 'localhost'
29-May-2018 13:18:34.499 INFO [http-nio-500-exec-27] org.apache.catalina.core.ApplicationContext.log Manager: restart: Reloading web application '/springWebMvc'
29-May-2018 13:20:35.861 INFO [http-nio-500-exec-26] org.apache.catalina.core.ApplicationContext.log Manager: list: Listing contexts for virtual host 'localhost'
29-May-2018 13:21:26.008 INFO [http-nio-500-exec-36] org.apache.catalina.core.ApplicationContext.log Manager: list: Listing contexts for virtual host 'localhost'
29-May-2018 13:21:48.952 INFO [http-nio-500-exec-34] org.apache.catalina.core.ApplicationContext.log Manager: list: Listing contexts for virtual host 'localhost'
29-May-2018 13:21:48.956 INFO [http-nio-500-exec-35] org.apache.catalina.core.ApplicationContext.log Manager: list: Listing contexts for virtual host 'localhost'
29-May-2018 13:21:49.027 INFO [http-nio-500-exec-36] org.apache.catalina.core.ApplicationContext.log Manager: restart: Reloading web application '/springWebMvc'
29-May-2018 13:22:59.778 INFO [http-nio-500-exec-44] org.apache.catalina.core.ApplicationContext.log Manager: list: Listing contexts for virtual host 'localhost'
29-May-2018 13:24:52.525 INFO [http-nio-500-exec-41] org.apache.catalina.core.ApplicationContext.log Manager: list: Listing contexts for virtual host 'localhost'
29-May-2018 13:24:52.533 INFO [http-nio-500-exec-42] org.apache.catalina.core.ApplicationContext.log Manager: restart: Reloading web application '/springWebMvc'
29-May-2018 13:25:01.836 INFO [http-nio-500-exec-41] org.apache.catalina.core.ApplicationContext.log Manager: list: Listing contexts for virtual host 'localhost'
29-May-2018 13:25:01.840 INFO [http-nio-500-exec-49] org.apache.catalina.core.ApplicationContext.log Manager: list: Listing contexts for virtual host 'localhost'
29-May-2018 13:25:01.876 INFO [http-nio-500-exec-46] org.apache.catalina.core.ApplicationContext.log Manager: restart: Reloading web application '/springWebMvc'
29-May-2018 13:27:48.719 INFO [http-nio-500-exec-55] org.apache.catalina.core.ApplicationContext.log Manager: list: Listing contexts for virtual host 'localhost'
29-May-2018 13:28:03.223 INFO [http-nio-500-exec-52] org.apache.catalina.core.ApplicationContext.log Manager: list: Listing contexts for virtual host 'localhost'
29-May-2018 13:28:03.228 INFO [http-nio-500-exec-55] org.apache.catalina.core.ApplicationContext.log Manager: list: Listing contexts for virtual host 'localhost'
29-May-2018 13:31:49.322 INFO [http-nio-500-exec-52] org.apache.catalina.core.ApplicationContext.log Manager: list: Listing contexts for virtual host 'localhost'
29-May-2018 13:34:58.014 INFO [http-nio-500-exec-57] org.apache.catalina.core.ApplicationContext.log Manager: list: Listing contexts for virtual host 'localhost'
29-May-2018 13:35:44.108 INFO [http-nio-500-exec-60] org.apache.catalina.core.ApplicationContext.log Manager: list: Listing contexts for virtual host 'localhost'
29-May-2018 13:35:50.674 INFO [http-nio-500-exec-53] org.apache.catalina.core.ApplicationContext.log Manager: list: Listing contexts for virtual host 'localhost'
29-May-2018 13:35:50.698 INFO [http-nio-500-exec-56] org.apache.catalina.core.ApplicationContext.log Manager: list: Listing contexts for virtual host 'localhost'
29-May-2018 13:36:32.520 INFO [http-nio-500-exec-52] org.apache.catalina.core.ApplicationContext.log Manager: list: Listing contexts for virtual host 'localhost'
29-May-2018 13:36:47.881 INFO [http-nio-500-exec-52] org.apache.catalina.core.ApplicationContext.log Manager: list: Listing contexts for virtual host 'localhost'
29-May-2018 13:36:47.885 INFO [http-nio-500-exec-57] org.apache.catalina.core.ApplicationContext.log Manager: list: Listing contexts for virtual host 'localhost'
29-May-2018 13:39:34.334 INFO [http-nio-500-exec-59] org.apache.catalina.core.ApplicationContext.log Manager: list: Listing contexts for virtual host 'localhost'
29-May-2018 13:39:37.327 INFO [http-nio-500-exec-59] org.apache.catalina.core.ApplicationContext.log Manager: list: Listing contexts for virtual host 'localhost'
29-May-2018 13:39:37.330 INFO [http-nio-500-exec-54] org.apache.catalina.core.ApplicationContext.log Manager: list: Listing contexts for virtual host 'localhost'
29-May-2018 13:41:07.709 INFO [http-nio-500-exec-56] org.apache.catalina.core.ApplicationContext.log Manager: list: Listing contexts for virtual host 'localhost'
29-May-2018 13:41:07.732 INFO [http-nio-500-exec-53] org.apache.catalina.core.ApplicationContext.log Manager: restart: Reloading web application '/springWebMvc'
29-May-2018 13:41:12.768 INFO [http-nio-500-exec-61] org.apache.catalina.core.ApplicationContext.log Manager: list: Listing contexts for virtual host 'localhost'
29-May-2018 13:41:12.771 INFO [http-nio-500-exec-56] org.apache.catalina.core.ApplicationContext.log Manager: list: Listing contexts for virtual host 'localhost'
29-May-2018 13:41:12.802 INFO [http-nio-500-exec-52] org.apache.catalina.core.ApplicationContext.log Manager: restart: Reloading web application '/springWebMvc'
29-May-2018 13:41:46.499 INFO [http-nio-500-exec-67] org.apache.catalina.core.ApplicationContext.log Manager: list: Listing contexts for virtual host 'localhost'
29-May-2018 13:42:03.868 INFO [http-nio-500-exec-68] org.apache.catalina.core.ApplicationContext.log Manager: list: Listing contexts for virtual host 'localhost'
29-May-2018 13:42:24.558 INFO [http-nio-500-exec-66] org.apache.catalina.core.ApplicationContext.log Manager: list: Listing contexts for virtual host 'localhost'
29-May-2018 13:43:06.003 INFO [http-nio-500-exec-70] org.apache.catalina.core.ApplicationContext.log Manager: list: Listing contexts for virtual host 'localhost'
29-May-2018 13:43:19.704 INFO [http-nio-500-exec-65] org.apache.catalina.core.ApplicationContext.log Manager: list: Listing contexts for virtual host 'localhost'
29-May-2018 13:46:27.378 INFO [http-nio-500-exec-69] org.apache.catalina.core.ApplicationContext.log Manager: list: Listing contexts for virtual host 'localhost'
29-May-2018 13:46:33.787 INFO [http-nio-500-exec-72] org.apache.catalina.core.ApplicationContext.log Manager: list: Listing contexts for virtual host 'localhost'
29-May-2018 13:46:33.790 INFO [http-nio-500-exec-69] org.apache.catalina.core.ApplicationContext.log Manager: list: Listing contexts for virtual host 'localhost'
29-May-2018 13:47:05.434 INFO [http-nio-500-exec-64] org.apache.catalina.core.ApplicationContext.log Manager: list: Listing contexts for virtual host 'localhost'
29-May-2018 13:48:30.882 INFO [http-nio-500-exec-68] org.apache.catalina.core.ApplicationContext.log Manager: list: Listing contexts for virtual host 'localhost'
29-May-2018 13:48:42.381 INFO [http-nio-500-exec-73] org.apache.catalina.core.ApplicationContext.log Manager: list: Listing contexts for virtual host 'localhost'
29-May-2018 13:49:03.058 INFO [http-nio-500-exec-72] org.apache.catalina.core.ApplicationContext.log Manager: list: Listing contexts for virtual host 'localhost'
29-May-2018 13:49:03.062 INFO [http-nio-500-exec-70] org.apache.catalina.core.ApplicationContext.log Manager: list: Listing contexts for virtual host 'localhost'
29-May-2018 13:49:44.310 INFO [http-nio-500-exec-72] org.apache.catalina.core.ApplicationContext.log Manager: list: Listing contexts for virtual host 'localhost'
29-May-2018 13:51:28.384 INFO [http-nio-500-exec-73] org.apache.catalina.core.ApplicationContext.log Manager: list: Listing contexts for virtual host 'localhost'
29-May-2018 13:51:28.394 INFO [http-nio-500-exec-70] org.apache.catalina.core.ApplicationContext.log Manager: restart: Reloading web application '/springWebMvc'
29-May-2018 13:51:38.834 INFO [http-nio-500-exec-67] org.apache.catalina.core.ApplicationContext.log Manager: list: Listing contexts for virtual host 'localhost'
29-May-2018 13:51:38.837 INFO [http-nio-500-exec-72] org.apache.catalina.core.ApplicationContext.log Manager: list: Listing contexts for virtual host 'localhost'
29-May-2018 13:51:38.866 INFO [http-nio-500-exec-74] org.apache.catalina.core.ApplicationContext.log Manager: restart: Reloading web application '/springWebMvc'
29-May-2018 15:30:18.203 INFO [http-nio-500-exec-2] org.apache.catalina.core.ApplicationContext.log Manager: init: Associated with Deployer 'Catalina:type=Deployer,host=localhost'
29-May-2018 15:30:18.203 INFO [http-nio-500-exec-2] org.apache.catalina.core.ApplicationContext.log Manager: init: Global resources are available
29-May-2018 15:30:21.148 INFO [http-nio-500-exec-3] org.apache.catalina.core.ApplicationContext.log Manager: list: Listing contexts for virtual host 'localhost'
29-May-2018 15:30:21.154 INFO [http-nio-500-exec-1] org.apache.catalina.core.ApplicationContext.log Manager: list: Listing contexts for virtual host 'localhost'
29-May-2018 15:31:58.119 INFO [http-nio-500-exec-2] org.apache.catalina.core.ApplicationContext.log Manager: list: Listing contexts for virtual host 'localhost'
29-May-2018 15:31:58.130 INFO [http-nio-500-exec-8] org.apache.catalina.core.ApplicationContext.log Manager: restart: Reloading web application '/springWebMvc'
29-May-2018 20:00:45.353 INFO [http-nio-500-exec-10] org.apache.catalina.core.ApplicationContext.log Manager: init: Associated with Deployer 'Catalina:type=Deployer,host=localhost'
29-May-2018 20:00:45.353 INFO [http-nio-500-exec-10] org.apache.catalina.core.ApplicationContext.log Manager: init: Global resources are available
29-May-2018 20:00:50.680 INFO [http-nio-500-exec-5] org.apache.catalina.core.ApplicationContext.log Manager: list: Listing contexts for virtual host 'localhost'
29-May-2018 20:00:50.687 INFO [http-nio-500-exec-1] org.apache.catalina.core.ApplicationContext.log Manager: list: Listing contexts for virtual host 'localhost'
29-May-2018 20:00:50.779 INFO [http-nio-500-exec-3] org.apache.catalina.core.ApplicationContext.log Manager: restart: Reloading web application '/springWebMvc'
29-May-2018 20:02:08.014 INFO [http-nio-500-exec-12] org.apache.catalina.core.ApplicationContext.log Manager: list: Listing contexts for virtual host 'localhost'
29-May-2018 20:02:08.041 INFO [http-nio-500-exec-14] org.apache.catalina.core.ApplicationContext.log Manager: list: Listing contexts for virtual host 'localhost'
29-May-2018 20:03:08.131 INFO [http-nio-500-exec-12] org.apache.catalina.core.ApplicationContext.log Manager: list: Listing contexts for virtual host 'localhost'
29-May-2018 20:04:03.412 INFO [http-nio-500-exec-19] org.apache.catalina.core.ApplicationContext.log Manager: list: Listing contexts for virtual host 'localhost'
29-May-2018 20:04:38.082 INFO [http-nio-500-exec-18] org.apache.catalina.core.ApplicationContext.log Manager: list: Listing contexts for virtual host 'localhost'
29-May-2018 20:07:34.130 INFO [http-nio-500-exec-18] org.apache.catalina.core.ApplicationContext.log Manager: list: Listing contexts for virtual host 'localhost'
29-May-2018 20:08:05.938 INFO [http-nio-500-exec-17] org.apache.catalina.core.ApplicationContext.log Manager: list: Listing contexts for virtual host 'localhost'
29-May-2018 20:08:57.633 INFO [http-nio-500-exec-11] org.apache.catalina.core.ApplicationContext.log Manager: list: Listing contexts for virtual host 'localhost'
29-May-2018 20:11:50.567 INFO [http-nio-500-exec-19] org.apache.catalina.core.ApplicationContext.log Manager: list: Listing contexts for virtual host 'localhost'
29-May-2018 20:13:41.836 INFO [http-nio-500-exec-13] org.apache.catalina.core.ApplicationContext.log Manager: list: Listing contexts for virtual host 'localhost'
29-May-2018 20:14:58.440 INFO [http-nio-500-exec-14] org.apache.catalina.core.ApplicationContext.log Manager: list: Listing contexts for virtual host 'localhost'
29-May-2018 20:15:09.051 INFO [http-nio-500-exec-13] org.apache.catalina.core.ApplicationContext.log Manager: list: Listing contexts for virtual host 'localhost'
29-May-2018 20:15:18.481 INFO [http-nio-500-exec-20] org.apache.catalina.core.ApplicationContext.log Manager: list: Listing contexts for virtual host 'localhost'
29-May-2018 20:15:35.190 INFO [http-nio-500-exec-13] org.apache.catalina.core.ApplicationContext.log Manager: list: Listing contexts for virtual host 'localhost'
29-May-2018 20:15:44.543 INFO [http-nio-500-exec-13] org.apache.catalina.core.ApplicationContext.log Manager: list: Listing contexts for virtual host 'localhost'
29-May-2018 20:16:02.882 INFO [http-nio-500-exec-16] org.apache.catalina.core.ApplicationContext.log Manager: list: Listing contexts for virtual host 'localhost'
29-May-2018 20:17:06.897 INFO [http-nio-500-exec-18] org.apache.catalina.core.ApplicationContext.log Manager: list: Listing contexts for virtual host 'localhost'
29-May-2018 20:17:27.113 INFO [http-nio-500-exec-16] org.apache.catalina.core.ApplicationContext.log Manager: list: Listing contexts for virtual host 'localhost'
29-May-2018 20:19:25.327 INFO [http-nio-500-exec-13] org.apache.catalina.core.ApplicationContext.log Manager: list: Listing contexts for virtual host 'localhost'
29-May-2018 20:19:42.073 INFO [http-nio-500-exec-16] org.apache.catalina.core.ApplicationContext.log Manager: list: Listing contexts for virtual host 'localhost'
29-May-2018 20:19:42.077 INFO [http-nio-500-exec-13] org.apache.catalina.core.ApplicationContext.log Manager: list: Listing contexts for virtual host 'localhost'
29-May-2018 20:23:33.585 INFO [http-nio-500-exec-15] org.apache.catalina.core.ApplicationContext.log Manager: list: Listing contexts for virtual host 'localhost'
29-May-2018 20:23:33.608 INFO [http-nio-500-exec-16] org.apache.catalina.core.ApplicationContext.log Manager: restart: Reloading web application '/springWebMvc'
29-May-2018 20:26:25.871 INFO [http-nio-500-exec-13] org.apache.catalina.core.ApplicationContext.log Manager: list: Listing contexts for virtual host 'localhost'
29-May-2018 20:30:26.688 INFO [http-nio-500-exec-23] org.apache.catalina.core.ApplicationContext.log Manager: list: Listing contexts for virtual host 'localhost'
29-May-2018 20:34:43.643 INFO [http-nio-500-exec-27] org.apache.catalina.core.ApplicationContext.log Manager: list: Listing contexts for virtual host 'localhost'
29-May-2018 20:34:43.652 INFO [http-nio-500-exec-26] org.apache.catalina.core.ApplicationContext.log Manager: restart: Reloading web application '/springWebMvc'
29-May-2018 20:35:29.829 INFO [http-nio-500-exec-24] org.apache.catalina.core.ApplicationContext.log Manager: list: Listing contexts for virtual host 'localhost'
29-May-2018 20:35:29.839 INFO [http-nio-500-exec-23] org.apache.catalina.core.ApplicationContext.log Manager: restart: Reloading web application '/springWebMvc'
29-May-2018 20:35:54.999 INFO [http-nio-500-exec-27] org.apache.catalina.core.ApplicationContext.log Manager: list: Listing contexts for virtual host 'localhost'
29-May-2018 20:35:55.007 INFO [http-nio-500-exec-21] org.apache.catalina.core.ApplicationContext.log Manager: restart: Reloading web application '/springWebMvc'
29-May-2018 20:36:13.762 INFO [http-nio-500-exec-31] org.apache.catalina.core.ApplicationContext.log Manager: list: Listing contexts for virtual host 'localhost'
29-May-2018 20:36:13.765 INFO [http-nio-500-exec-35] org.apache.catalina.core.ApplicationContext.log Manager: list: Listing contexts for virtual host 'localhost'
29-May-2018 20:36:13.807 INFO [http-nio-500-exec-25] org.apache.catalina.core.ApplicationContext.log Manager: restart: Reloading web application '/springWebMvc'
29-May-2018 20:37:50.217 INFO [http-nio-500-exec-44] org.apache.catalina.core.ApplicationContext.log Manager: list: Listing contexts for virtual host 'localhost'
29-May-2018 20:37:50.244 INFO [http-nio-500-exec-45] org.apache.catalina.core.ApplicationContext.log Manager: undeploy: Undeploying web application at '/springWebMvc'
29-May-2018 20:38:41.591 INFO [http-nio-500-exec-6] org.apache.catalina.core.ApplicationContext.log Manager: init: Associated with Deployer 'Catalina:type=Deployer,host=localhost'
29-May-2018 20:38:41.591 INFO [http-nio-500-exec-6] org.apache.catalina.core.ApplicationContext.log Manager: init: Global resources are available
29-May-2018 20:38:45.667 INFO [http-nio-500-exec-1] org.apache.catalina.core.ApplicationContext.log Manager: list: Listing contexts for virtual host 'localhost'
29-May-2018 20:38:45.670 INFO [http-nio-500-exec-7] org.apache.catalina.core.ApplicationContext.log Manager: list: Listing contexts for virtual host 'localhost'
29-May-2018 20:38:45.750 INFO [http-nio-500-exec-8] org.apache.catalina.core.ApplicationContext.log Manager: install: Installing context configuration at 'file:/C:/Users/Rio.Rai/AppData/Local/Temp/context7624704447862464907.xml'
29-May-2018 20:38:48.789 INFO [http-nio-500-exec-6] org.apache.catalina.core.ApplicationContext.log Manager: start: Starting web application '/springWebMvc'
29-May-2018 20:40:45.079 INFO [http-nio-500-exec-3] org.apache.catalina.core.ApplicationContext.log Manager: list: Listing contexts for virtual host 'localhost'
29-May-2018 20:40:45.083 INFO [http-nio-500-exec-4] org.apache.catalina.core.ApplicationContext.log Manager: list: Listing contexts for virtual host 'localhost'
29-May-2018 20:41:03.480 INFO [http-nio-500-exec-3] org.apache.catalina.core.ApplicationContext.log Manager: list: Listing contexts for virtual host 'localhost'
29-May-2018 20:41:03.483 INFO [http-nio-500-exec-4] org.apache.catalina.core.ApplicationContext.log Manager: list: Listing contexts for virtual host 'localhost'
29-May-2018 20:41:03.497 INFO [http-nio-500-exec-8] org.apache.catalina.core.ApplicationContext.log Manager: undeploy: Undeploying web application at '/springWebMvc'
29-May-2018 20:41:04.151 INFO [http-nio-500-exec-1] org.apache.catalina.core.ApplicationContext.log Manager: install: Installing context configuration at 'file:/C:/Users/Rio.Rai/AppData/Local/Temp/context5346922587473002750.xml'
29-May-2018 20:41:06.903 INFO [http-nio-500-exec-2] org.apache.catalina.core.ApplicationContext.log Manager: start: Starting web application '/springWebMvc'
29-May-2018 20:43:58.464 INFO [http-nio-500-exec-9] org.apache.catalina.core.ApplicationContext.log Manager: list: Listing contexts for virtual host 'localhost'
29-May-2018 20:43:58.478 INFO [http-nio-500-exec-11] org.apache.catalina.core.ApplicationContext.log Manager: restart: Reloading web application '/springWebMvc'
29-May-2018 20:44:02.269 INFO [http-nio-500-exec-10] org.apache.catalina.core.ApplicationContext.log Manager: list: Listing contexts for virtual host 'localhost'
29-May-2018 20:44:02.280 INFO [http-nio-500-exec-17] org.apache.catalina.core.ApplicationContext.log Manager: restart: Reloading web application '/springWebMvc'
29-May-2018 20:45:04.188 INFO [http-nio-500-exec-20] org.apache.catalina.core.ApplicationContext.log Manager: list: Listing contexts for virtual host 'localhost'
29-May-2018 20:45:04.200 INFO [http-nio-500-exec-10] org.apache.catalina.core.ApplicationContext.log Manager: restart: Reloading web application '/springWebMvc'
29-May-2018 20:50:04.794 INFO [http-nio-500-exec-24] org.apache.catalina.core.ApplicationContext.log Manager: list: Listing contexts for virtual host 'localhost'
29-May-2018 20:50:04.802 INFO [http-nio-500-exec-25] org.apache.catalina.core.ApplicationContext.log Manager: restart: Reloading web application '/springWebMvc'
29-May-2018 20:50:41.822 INFO [http-nio-500-exec-29] org.apache.catalina.core.ApplicationContext.log Manager: list: Listing contexts for virtual host 'localhost'
29-May-2018 20:50:41.831 INFO [http-nio-500-exec-26] org.apache.catalina.core.ApplicationContext.log Manager: restart: Reloading web application '/springWebMvc'
29-May-2018 20:51:47.918 INFO [http-nio-500-exec-30] org.apache.catalina.core.ApplicationContext.log Manager: list: Listing contexts for virtual host 'localhost'
29-May-2018 20:51:47.933 INFO [http-nio-500-exec-24] org.apache.catalina.core.ApplicationContext.log Manager: undeploy: Undeploying web application at '/springWebMvc'
29-May-2018 21:00:54.457 INFO [http-nio-500-exec-38] org.apache.catalina.core.ApplicationContext.log Manager: list: Listing contexts for virtual host 'localhost'
29-May-2018 21:02:11.393 INFO [http-nio-500-exec-40] org.apache.catalina.core.ApplicationContext.log Manager: list: Listing contexts for virtual host 'localhost'
29-May-2018 21:04:26.767 INFO [http-nio-500-exec-44] org.apache.catalina.core.ApplicationContext.log Manager: list: Listing contexts for virtual host 'localhost'
29-May-2018 21:04:49.704 INFO [http-nio-500-exec-46] org.apache.catalina.core.ApplicationContext.log Manager: list: Listing contexts for virtual host 'localhost'
29-May-2018 21:07:16.290 INFO [http-nio-500-exec-42] org.apache.catalina.core.ApplicationContext.log Manager: list: Listing contexts for virtual host 'localhost'
29-May-2018 21:07:31.576 INFO [http-nio-500-exec-46] org.apache.catalina.core.ApplicationContext.log Manager: list: Listing contexts for virtual host 'localhost'
29-May-2018 21:07:31.580 INFO [http-nio-500-exec-38] org.apache.catalina.core.ApplicationContext.log Manager: list: Listing contexts for virtual host 'localhost'
29-May-2018 21:07:31.606 INFO [http-nio-500-exec-39] org.apache.catalina.core.ApplicationContext.log Manager: install: Installing context configuration at 'file:/C:/Users/Rio.Rai/AppData/Local/Temp/context1045896120211861296.xml'
29-May-2018 21:07:35.569 INFO [http-nio-500-exec-47] org.apache.catalina.core.ApplicationContext.log Manager: start: Starting web application '/springWebMvc'
29-May-2018 21:08:27.154 INFO [http-nio-500-exec-41] org.apache.catalina.core.ApplicationContext.log Manager: list: Listing contexts for virtual host 'localhost'
29-May-2018 21:09:26.867 INFO [http-nio-500-exec-43] org.apache.catalina.core.ApplicationContext.log Manager: list: Listing contexts for virtual host 'localhost'
29-May-2018 21:09:55.644 INFO [http-nio-500-exec-44] org.apache.catalina.core.ApplicationContext.log Manager: list: Listing contexts for virtual host 'localhost'
29-May-2018 21:10:08.081 INFO [http-nio-500-exec-45] org.apache.catalina.core.ApplicationContext.log Manager: list: Listing contexts for virtual host 'localhost'
29-May-2018 21:10:32.825 INFO [http-nio-500-exec-40] org.apache.catalina.core.ApplicationContext.log Manager: list: Listing contexts for virtual host 'localhost'
29-May-2018 21:10:51.388 INFO [http-nio-500-exec-39] org.apache.catalina.core.ApplicationContext.log Manager: list: Listing contexts for virtual host 'localhost'
29-May-2018 21:11:14.882 INFO [http-nio-500-exec-43] org.apache.catalina.core.ApplicationContext.log Manager: list: Listing contexts for virtual host 'localhost'
29-May-2018 21:11:31.757 INFO [http-nio-500-exec-45] org.apache.catalina.core.ApplicationContext.log Manager: list: Listing contexts for virtual host 'localhost'
29-May-2018 21:14:37.353 INFO [http-nio-500-exec-47] org.apache.catalina.core.ApplicationContext.log Manager: list: Listing contexts for virtual host 'localhost'
29-May-2018 21:14:48.383 INFO [http-nio-500-exec-46] org.apache.catalina.core.ApplicationContext.log Manager: list: Listing contexts for virtual host 'localhost'
29-May-2018 21:16:17.774 INFO [http-nio-500-exec-42] org.apache.catalina.core.ApplicationContext.log Manager: list: Listing contexts for virtual host 'localhost'
29-May-2018 21:16:24.143 INFO [http-nio-500-exec-40] org.apache.catalina.core.ApplicationContext.log Manager: list: Listing contexts for virtual host 'localhost'
29-May-2018 21:16:44.890 INFO [http-nio-500-exec-43] org.apache.catalina.core.ApplicationContext.log Manager: list: Listing contexts for virtual host 'localhost'
29-May-2018 21:16:44.901 INFO [http-nio-500-exec-42] org.apache.catalina.core.ApplicationContext.log Manager: restart: Reloading web application '/springWebMvc'
29-May-2018 21:17:03.431 INFO [http-nio-500-exec-38] org.apache.catalina.core.ApplicationContext.log Manager: list: Listing contexts for virtual host 'localhost'
29-May-2018 21:17:03.442 INFO [http-nio-500-exec-45] org.apache.catalina.core.ApplicationContext.log Manager: restart: Reloading web application '/springWebMvc'
29-May-2018 21:20:42.154 INFO [http-nio-500-exec-49] org.apache.catalina.core.ApplicationContext.log Manager: list: Listing contexts for virtual host 'localhost'
29-May-2018 21:20:42.166 INFO [http-nio-500-exec-50] org.apache.catalina.core.ApplicationContext.log Manager: restart: Reloading web application '/springWebMvc'
29-May-2018 21:21:48.362 INFO [http-nio-500-exec-61] org.apache.catalina.core.ApplicationContext.log Manager: list: Listing contexts for virtual host 'localhost'
29-May-2018 21:21:48.371 INFO [http-nio-500-exec-49] org.apache.catalina.core.ApplicationContext.log Manager: restart: Reloading web application '/springWebMvc'
29-May-2018 21:22:11.146 INFO [http-nio-500-exec-46] org.apache.catalina.core.ApplicationContext.log Manager: list: Listing contexts for virtual host 'localhost'
29-May-2018 21:22:11.156 INFO [http-nio-500-exec-63] org.apache.catalina.core.ApplicationContext.log Manager: restart: Reloading web application '/springWebMvc'
29-May-2018 21:22:33.571 INFO [http-nio-500-exec-65] org.apache.catalina.core.ApplicationContext.log Manager: list: Listing contexts for virtual host 'localhost'
29-May-2018 21:22:34.828 INFO [http-nio-500-exec-46] org.apache.catalina.core.ApplicationContext.log Manager: list: Listing contexts for virtual host 'localhost'
29-May-2018 21:22:34.836 INFO [http-nio-500-exec-52] org.apache.catalina.core.ApplicationContext.log Manager: restart: Reloading web application '/springWebMvc'
29-May-2018 21:22:52.737 INFO [http-nio-500-exec-55] org.apache.catalina.core.ApplicationContext.log Manager: list: Listing contexts for virtual host 'localhost'
29-May-2018 21:22:52.748 INFO [http-nio-500-exec-68] org.apache.catalina.core.ApplicationContext.log Manager: restart: Reloading web application '/springWebMvc'
29-May-2018 21:22:55.803 INFO [http-nio-500-exec-61] org.apache.catalina.core.ApplicationContext.log Manager: list: Listing contexts for virtual host 'localhost'
29-May-2018 21:22:55.811 INFO [http-nio-500-exec-67] org.apache.catalina.core.ApplicationContext.log Manager: restart: Reloading web application '/springWebMvc'
29-May-2018 21:26:07.267 INFO [http-nio-500-exec-76] org.apache.catalina.core.ApplicationContext.log Manager: list: Listing contexts for virtual host 'localhost'
29-May-2018 21:26:07.277 INFO [http-nio-500-exec-70] org.apache.catalina.core.ApplicationContext.log Manager: restart: Reloading web application '/springWebMvc'
29-May-2018 21:27:19.154 INFO [http-nio-500-exec-79] org.apache.catalina.core.ApplicationContext.log Manager: list: Listing contexts for virtual host 'localhost'
29-May-2018 21:27:19.162 INFO [http-nio-500-exec-77] org.apache.catalina.core.ApplicationContext.log Manager: restart: Reloading web application '/springWebMvc'
29-May-2018 21:28:48.715 INFO [http-nio-500-exec-72] org.apache.catalina.core.ApplicationContext.log Manager: list: Listing contexts for virtual host 'localhost'
29-May-2018 21:28:48.726 INFO [http-nio-500-exec-78] org.apache.catalina.core.ApplicationContext.log Manager: restart: Reloading web application '/springWebMvc'
29-May-2018 21:30:47.067 INFO [http-nio-500-exec-86] org.apache.catalina.core.ApplicationContext.log Manager: list: Listing contexts for virtual host 'localhost'
29-May-2018 21:30:47.079 INFO [http-nio-500-exec-84] org.apache.catalina.core.ApplicationContext.log Manager: restart: Reloading web application '/springWebMvc'
29-May-2018 21:31:12.223 INFO [http-nio-500-exec-88] org.apache.catalina.core.ApplicationContext.log Manager: list: Listing contexts for virtual host 'localhost'
29-May-2018 21:32:43.432 INFO [http-nio-500-exec-90] org.apache.catalina.core.ApplicationContext.log Manager: list: Listing contexts for virtual host 'localhost'
29-May-2018 21:33:08.443 INFO [http-nio-500-exec-72] org.apache.catalina.core.ApplicationContext.log Manager: list: Listing contexts for virtual host 'localhost'
29-May-2018 21:37:06.525 INFO [http-nio-500-exec-91] org.apache.catalina.core.ApplicationContext.log Manager: list: Listing contexts for virtual host 'localhost'
29-May-2018 21:38:00.439 INFO [http-nio-500-exec-97] org.apache.catalina.core.ApplicationContext.log Manager: list: Listing contexts for virtual host 'localhost'
29-May-2018 21:38:08.905 INFO [http-nio-500-exec-92] org.apache.catalina.core.ApplicationContext.log Manager: list: Listing contexts for virtual host 'localhost'
29-May-2018 21:38:24.368 INFO [http-nio-500-exec-97] org.apache.catalina.core.ApplicationContext.log Manager: list: Listing contexts for virtual host 'localhost'
29-May-2018 21:38:34.373 INFO [http-nio-500-exec-92] org.apache.catalina.core.ApplicationContext.log Manager: list: Listing contexts for virtual host 'localhost'
29-May-2018 21:38:34.377 INFO [http-nio-500-exec-95] org.apache.catalina.core.ApplicationContext.log Manager: list: Listing contexts for virtual host 'localhost'
29-May-2018 21:38:34.464 INFO [http-nio-500-exec-97] org.apache.catalina.core.ApplicationContext.log Manager: restart: Reloading web application '/springWebMvc'
29-May-2018 21:39:21.782 INFO [http-nio-500-exec-104] org.apache.catalina.core.ApplicationContext.log Manager: list: Listing contexts for virtual host 'localhost'
29-May-2018 21:39:21.792 INFO [http-nio-500-exec-94] org.apache.catalina.core.ApplicationContext.log Manager: restart: Reloading web application '/springWebMvc'
29-May-2018 21:40:02.727 INFO [http-nio-500-exec-101] org.apache.catalina.core.ApplicationContext.log Manager: list: Listing contexts for virtual host 'localhost'
29-May-2018 21:40:02.736 INFO [http-nio-500-exec-102] org.apache.catalina.core.ApplicationContext.log Manager: restart: Reloading web application '/springWebMvc'
29-May-2018 21:40:13.583 INFO [http-nio-500-exec-108] org.apache.catalina.core.ApplicationContext.log Manager: list: Listing contexts for virtual host 'localhost'
29-May-2018 21:40:13.595 INFO [http-nio-500-exec-105] org.apache.catalina.core.ApplicationContext.log Manager: restart: Reloading web application '/springWebMvc'
29-May-2018 21:44:48.825 INFO [http-nio-500-exec-109] org.apache.catalina.core.ApplicationContext.log Manager: list: Listing contexts for virtual host 'localhost'
29-May-2018 21:44:48.837 INFO [http-nio-500-exec-110] org.apache.catalina.core.ApplicationContext.log Manager: restart: Reloading web application '/springWebMvc'
29-May-2018 21:45:01.434 INFO [http-nio-500-exec-112] org.apache.catalina.core.ApplicationContext.log Manager: list: Listing contexts for virtual host 'localhost'
29-May-2018 21:45:01.446 INFO [http-nio-500-exec-113] org.apache.catalina.core.ApplicationContext.log Manager: restart: Reloading web application '/springWebMvc'
29-May-2018 21:45:10.178 INFO [http-nio-500-exec-111] org.apache.catalina.core.ApplicationContext.log Manager: list: Listing contexts for virtual host 'localhost'
29-May-2018 21:45:10.186 INFO [http-nio-500-exec-118] org.apache.catalina.core.ApplicationContext.log Manager: restart: Reloading web application '/springWebMvc'
29-May-2018 21:46:57.405 INFO [http-nio-500-exec-122] org.apache.catalina.core.ApplicationContext.log Manager: list: Listing contexts for virtual host 'localhost'
29-May-2018 21:46:57.416 INFO [http-nio-500-exec-119] org.apache.catalina.core.ApplicationContext.log Manager: restart: Reloading web application '/springWebMvc'
29-May-2018 21:47:00.576 INFO [http-nio-500-exec-126] org.apache.catalina.core.ApplicationContext.log Manager: list: Listing contexts for virtual host 'localhost'
29-May-2018 21:47:00.585 INFO [http-nio-500-exec-112] org.apache.catalina.core.ApplicationContext.log Manager: restart: Reloading web application '/springWebMvc'
29-May-2018 21:47:22.376 INFO [http-nio-500-exec-116] org.apache.catalina.core.ApplicationContext.log Manager: list: Listing contexts for virtual host 'localhost'
29-May-2018 21:47:22.391 INFO [http-nio-500-exec-128] org.apache.catalina.core.ApplicationContext.log Manager: restart: Reloading web application '/springWebMvc'
29-May-2018 21:47:36.796 INFO [http-nio-500-exec-130] org.apache.catalina.core.ApplicationContext.log Manager: list: Listing contexts for virtual host 'localhost'
29-May-2018 21:47:36.805 INFO [http-nio-500-exec-125] org.apache.catalina.core.ApplicationContext.log Manager: restart: Reloading web application '/springWebMvc'
29-May-2018 21:48:10.801 INFO [http-nio-500-exec-132] org.apache.catalina.core.ApplicationContext.log Manager: list: Listing contexts for virtual host 'localhost'
29-May-2018 21:48:10.813 INFO [http-nio-500-exec-129] org.apache.catalina.core.ApplicationContext.log Manager: restart: Reloading web application '/springWebMvc'
29-May-2018 21:48:13.851 INFO [http-nio-500-exec-133] org.apache.catalina.core.ApplicationContext.log Manager: list: Listing contexts for virtual host 'localhost'
29-May-2018 21:48:13.864 INFO [http-nio-500-exec-121] org.apache.catalina.core.ApplicationContext.log Manager: restart: Reloading web application '/springWebMvc'
29-May-2018 22:07:51.347 INFO [http-nio-500-exec-134] org.apache.catalina.core.ApplicationContext.log Manager: list: Listing contexts for virtual host 'localhost'
29-May-2018 22:08:30.871 INFO [http-nio-500-exec-137] org.apache.catalina.core.ApplicationContext.log Manager: list: Listing contexts for virtual host 'localhost'
29-May-2018 22:08:30.911 INFO [http-nio-500-exec-139] org.apache.catalina.core.ApplicationContext.log Manager: restart: Reloading web application '/springWebMvc'
29-May-2018 22:08:46.582 INFO [http-nio-500-exec-144] org.apache.catalina.core.ApplicationContext.log Manager: list: Listing contexts for virtual host 'localhost'
29-May-2018 22:08:58.814 INFO [http-nio-500-exec-143] org.apache.catalina.core.ApplicationContext.log Manager: list: Listing contexts for virtual host 'localhost'
29-May-2018 22:08:58.817 INFO [http-nio-500-exec-144] org.apache.catalina.core.ApplicationContext.log Manager: list: Listing contexts for virtual host 'localhost'
29-May-2018 22:08:58.962 INFO [http-nio-500-exec-138] org.apache.catalina.core.ApplicationContext.log Manager: restart: Reloading web application '/springWebMvc'
29-May-2018 22:09:37.488 INFO [http-nio-500-exec-150] org.apache.catalina.core.ApplicationContext.log Manager: list: Listing contexts for virtual host 'localhost'
29-May-2018 22:10:00.908 INFO [http-nio-500-exec-148] org.apache.catalina.core.ApplicationContext.log Manager: list: Listing contexts for virtual host 'localhost'
29-May-2018 22:10:08.794 INFO [http-nio-500-exec-142] org.apache.catalina.core.ApplicationContext.log Manager: list: Listing contexts for virtual host 'localhost'
29-May-2018 22:10:34.171 INFO [http-nio-500-exec-152] org.apache.catalina.core.ApplicationContext.log Manager: list: Listing contexts for virtual host 'localhost'
29-May-2018 22:13:00.243 INFO [http-nio-500-exec-148] org.apache.catalina.core.ApplicationContext.log Manager: list: Listing contexts for virtual host 'localhost'
29-May-2018 22:13:34.273 INFO [http-nio-500-exec-155] org.apache.catalina.core.ApplicationContext.log Manager: list: Listing contexts for virtual host 'localhost'
29-May-2018 22:14:39.186 INFO [http-nio-500-exec-156] org.apache.catalina.core.ApplicationContext.log Manager: list: Listing contexts for virtual host 'localhost'
29-May-2018 22:18:10.156 INFO [http-nio-500-exec-151] org.apache.catalina.core.ApplicationContext.log Manager: list: Listing contexts for virtual host 'localhost'
29-May-2018 22:18:11.699 INFO [http-nio-500-exec-154] org.apache.catalina.core.ApplicationContext.log Manager: list: Listing contexts for virtual host 'localhost'
29-May-2018 22:18:13.685 INFO [http-nio-500-exec-154] org.apache.catalina.core.ApplicationContext.log Manager: list: Listing contexts for virtual host 'localhost'
29-May-2018 22:20:01.794 INFO [http-nio-500-exec-151] org.apache.catalina.core.ApplicationContext.log Manager: list: Listing contexts for virtual host 'localhost'
29-May-2018 22:20:01.805 INFO [http-nio-500-exec-150] org.apache.catalina.core.ApplicationContext.log Manager: restart: Reloading web application '/springWebMvc'
29-May-2018 22:31:33.171 INFO [http-nio-500-exec-157] org.apache.catalina.core.ApplicationContext.log Manager: list: Listing contexts for virtual host 'localhost'
29-May-2018 22:31:33.648 INFO [http-nio-500-exec-159] org.apache.catalina.core.ApplicationContext.log Manager: restart: Reloading web application '/springWebMvc'
29-May-2018 22:31:55.426 INFO [http-nio-500-exec-168] org.apache.catalina.core.ApplicationContext.log Manager: list: Listing contexts for virtual host 'localhost'
29-May-2018 22:31:55.435 INFO [http-nio-500-exec-160] org.apache.catalina.core.ApplicationContext.log Manager: restart: Reloading web application '/springWebMvc'
29-May-2018 22:35:30.867 INFO [http-nio-500-exec-175] org.apache.catalina.core.ApplicationContext.log Manager: list: Listing contexts for virtual host 'localhost'
29-May-2018 22:36:04.201 INFO [http-nio-500-exec-175] org.apache.catalina.core.ApplicationContext.log Manager: list: Listing contexts for virtual host 'localhost'
29-May-2018 22:36:11.967 INFO [http-nio-500-exec-174] org.apache.catalina.core.ApplicationContext.log Manager: list: Listing contexts for virtual host 'localhost'
29-May-2018 22:37:25.553 INFO [http-nio-500-exec-174] org.apache.catalina.core.ApplicationContext.log Manager: list: Listing contexts for virtual host 'localhost'
29-May-2018 22:37:27.060 INFO [http-nio-500-exec-174] org.apache.catalina.core.ApplicationContext.log Manager: list: Listing contexts for virtual host 'localhost'
29-May-2018 22:37:39.466 INFO [http-nio-500-exec-172] org.apache.catalina.core.ApplicationContext.log Manager: list: Listing contexts for virtual host 'localhost'
29-May-2018 22:37:53.491 INFO [http-nio-500-exec-173] org.apache.catalina.core.ApplicationContext.log Manager: list: Listing contexts for virtual host 'localhost'
29-May-2018 22:38:03.904 INFO [http-nio-500-exec-178] org.apache.catalina.core.ApplicationContext.log Manager: list: Listing contexts for virtual host 'localhost'
29-May-2018 22:38:27.252 INFO [http-nio-500-exec-175] org.apache.catalina.core.ApplicationContext.log Manager: list: Listing contexts for virtual host 'localhost'
29-May-2018 22:38:46.134 INFO [http-nio-500-exec-174] org.apache.catalina.core.ApplicationContext.log Manager: list: Listing contexts for virtual host 'localhost'
29-May-2018 22:38:54.596 INFO [http-nio-500-exec-174] org.apache.catalina.core.ApplicationContext.log Manager: list: Listing contexts for virtual host 'localhost'
29-May-2018 22:39:00.665 INFO [http-nio-500-exec-169] org.apache.catalina.core.ApplicationContext.log Manager: list: Listing contexts for virtual host 'localhost'
29-May-2018 22:39:41.783 INFO [http-nio-500-exec-178] org.apache.catalina.core.ApplicationContext.log Manager: list: Listing contexts for virtual host 'localhost'
29-May-2018 22:39:50.774 INFO [http-nio-500-exec-173] org.apache.catalina.core.ApplicationContext.log Manager: list: Listing contexts for virtual host 'localhost'
29-May-2018 22:40:17.598 INFO [http-nio-500-exec-171] org.apache.catalina.core.ApplicationContext.log Manager: list: Listing contexts for virtual host 'localhost'
29-May-2018 22:40:21.761 INFO [http-nio-500-exec-175] org.apache.catalina.core.ApplicationContext.log Manager: list: Listing contexts for virtual host 'localhost'
29-May-2018 22:40:54.068 INFO [http-nio-500-exec-176] org.apache.catalina.core.ApplicationContext.log Manager: list: Listing contexts for virtual host 'localhost'
29-May-2018 22:46:44.420 INFO [http-nio-500-exec-8] org.apache.catalina.core.ApplicationContext.log Manager: init: Associated with Deployer 'Catalina:type=Deployer,host=localhost'
29-May-2018 22:46:44.420 INFO [http-nio-500-exec-8] org.apache.catalina.core.ApplicationContext.log Manager: init: Global resources are available
29-May-2018 22:46:48.964 INFO [http-nio-500-exec-2] org.apache.catalina.core.ApplicationContext.log Manager: list: Listing contexts for virtual host 'localhost'
29-May-2018 22:46:48.964 INFO [http-nio-500-exec-1] org.apache.catalina.core.ApplicationContext.log Manager: list: Listing contexts for virtual host 'localhost'
29-May-2018 22:46:48.970 INFO [http-nio-500-exec-7] org.apache.catalina.core.ApplicationContext.log Manager: list: Listing contexts for virtual host 'localhost'
29-May-2018 22:46:48.970 INFO [http-nio-500-exec-9] org.apache.catalina.core.ApplicationContext.log Manager: list: Listing contexts for virtual host 'localhost'
29-May-2018 22:46:49.082 INFO [http-nio-500-exec-3] org.apache.catalina.core.ApplicationContext.log Manager: restart: Reloading web application '/springWebMvc'
29-May-2018 22:46:51.586 INFO [http-nio-500-exec-2] org.apache.catalina.core.ApplicationContext.log Manager: restart: Reloading web application '/springWebMvc'
29-May-2018 22:48:13.911 INFO [http-nio-500-exec-14] org.apache.catalina.core.ApplicationContext.log Manager: list: Listing contexts for virtual host 'localhost'
29-May-2018 22:48:29.568 INFO [http-nio-500-exec-14] org.apache.catalina.core.ApplicationContext.log Manager: list: Listing contexts for virtual host 'localhost'
29-May-2018 22:48:54.779 INFO [http-nio-500-exec-14] org.apache.catalina.core.ApplicationContext.log Manager: list: Listing contexts for virtual host 'localhost'
29-May-2018 22:50:01.159 INFO [http-nio-500-exec-13] org.apache.catalina.core.ApplicationContext.log Manager: list: Listing contexts for virtual host 'localhost'
29-May-2018 22:50:10.071 INFO [http-nio-500-exec-16] org.apache.catalina.core.ApplicationContext.log Manager: list: Listing contexts for virtual host 'localhost'
29-May-2018 22:50:17.145 INFO [http-nio-500-exec-17] org.apache.catalina.core.ApplicationContext.log Manager: list: Listing contexts for virtual host 'localhost'
29-May-2018 22:50:21.775 INFO [http-nio-500-exec-12] org.apache.catalina.core.ApplicationContext.log Manager: list: Listing contexts for virtual host 'localhost'
29-May-2018 22:53:12.072 INFO [http-nio-500-exec-13] org.apache.catalina.core.ApplicationContext.log Manager: list: Listing contexts for virtual host 'localhost'
29-May-2018 22:53:25.920 INFO [http-nio-500-exec-15] org.apache.catalina.core.ApplicationContext.log Manager: list: Listing contexts for virtual host 'localhost'
29-May-2018 22:53:39.064 INFO [http-nio-500-exec-15] org.apache.catalina.core.ApplicationContext.log Manager: list: Listing contexts for virtual host 'localhost'
29-May-2018 22:54:47.505 INFO [http-nio-500-exec-15] org.apache.catalina.core.ApplicationContext.log Manager: list: Listing contexts for virtual host 'localhost'
29-May-2018 22:56:12.689 INFO [http-nio-500-exec-12] org.apache.catalina.core.ApplicationContext.log Manager: list: Listing contexts for virtual host 'localhost'
29-May-2018 22:56:55.179 INFO [http-nio-500-exec-14] org.apache.catalina.core.ApplicationContext.log Manager: list: Listing contexts for virtual host 'localhost'
29-May-2018 22:57:32.050 INFO [http-nio-500-exec-20] org.apache.catalina.core.ApplicationContext.log Manager: list: Listing contexts for virtual host 'localhost'
29-May-2018 22:57:43.270 INFO [http-nio-500-exec-20] org.apache.catalina.core.ApplicationContext.log Manager: list: Listing contexts for virtual host 'localhost'
29-May-2018 22:57:50.645 INFO [http-nio-500-exec-19] org.apache.catalina.core.ApplicationContext.log Manager: list: Listing contexts for virtual host 'localhost'
29-May-2018 22:58:02.505 INFO [http-nio-500-exec-14] org.apache.catalina.core.ApplicationContext.log Manager: list: Listing contexts for virtual host 'localhost'
29-May-2018 22:59:04.326 INFO [http-nio-500-exec-21] org.apache.catalina.core.ApplicationContext.log Manager: list: Listing contexts for virtual host 'localhost'
29-May-2018 22:59:12.209 INFO [http-nio-500-exec-18] org.apache.catalina.core.ApplicationContext.log Manager: list: Listing contexts for virtual host 'localhost'
29-May-2018 22:59:36.134 INFO [http-nio-500-exec-13] org.apache.catalina.core.ApplicationContext.log Manager: list: Listing contexts for virtual host 'localhost'
29-May-2018 23:00:01.250 INFO [http-nio-500-exec-18] org.apache.catalina.core.ApplicationContext.log Manager: list: Listing contexts for virtual host 'localhost'
29-May-2018 23:09:57.719 INFO [http-nio-500-exec-20] org.apache.catalina.core.ApplicationContext.log Manager: list: Listing contexts for virtual host 'localhost'
29-May-2018 23:10:05.847 INFO [http-nio-500-exec-19] org.apache.catalina.core.ApplicationContext.log Manager: list: Listing contexts for virtual host 'localhost'
29-May-2018 23:12:41.144 INFO [http-nio-500-exec-17] org.apache.catalina.core.ApplicationContext.log Manager: list: Listing contexts for virtual host 'localhost'
29-May-2018 23:13:09.962 INFO [http-nio-500-exec-16] org.apache.catalina.core.ApplicationContext.log Manager: list: Listing contexts for virtual host 'localhost'
29-May-2018 23:13:32.922 INFO [http-nio-500-exec-13] org.apache.catalina.core.ApplicationContext.log Manager: list: Listing contexts for virtual host 'localhost'
29-May-2018 23:13:48.739 INFO [http-nio-500-exec-19] org.apache.catalina.core.ApplicationContext.log Manager: list: Listing contexts for virtual host 'localhost'
29-May-2018 23:14:07.417 INFO [http-nio-500-exec-18] org.apache.catalina.core.ApplicationContext.log Manager: list: Listing contexts for virtual host 'localhost'
29-May-2018 23:14:20.450 INFO [http-nio-500-exec-17] org.apache.catalina.core.ApplicationContext.log Manager: list: Listing contexts for virtual host 'localhost'
29-May-2018 23:14:21.628 INFO [http-nio-500-exec-19] org.apache.catalina.core.ApplicationContext.log Manager: list: Listing contexts for virtual host 'localhost'
29-May-2018 23:15:49.018 INFO [http-nio-500-exec-15] org.apache.catalina.core.ApplicationContext.log Manager: list: Listing contexts for virtual host 'localhost'
29-May-2018 23:15:50.164 INFO [http-nio-500-exec-15] org.apache.catalina.core.ApplicationContext.log Manager: list: Listing contexts for virtual host 'localhost'
29-May-2018 23:15:51.107 INFO [http-nio-500-exec-16] org.apache.catalina.core.ApplicationContext.log Manager: list: Listing contexts for virtual host 'localhost'
29-May-2018 23:15:55.023 INFO [http-nio-500-exec-17] org.apache.catalina.core.ApplicationContext.log Manager: list: Listing contexts for virtual host 'localhost'
29-May-2018 23:15:59.249 INFO [http-nio-500-exec-16] org.apache.catalina.core.ApplicationContext.log Manager: list: Listing contexts for virtual host 'localhost'
29-May-2018 23:16:10.125 INFO [http-nio-500-exec-17] org.apache.catalina.core.ApplicationContext.log Manager: list: Listing contexts for virtual host 'localhost'
29-May-2018 23:16:19.697 INFO [http-nio-500-exec-18] org.apache.catalina.core.ApplicationContext.log Manager: list: Listing contexts for virtual host 'localhost'
29-May-2018 23:16:31.984 INFO [http-nio-500-exec-16] org.apache.catalina.core.ApplicationContext.log Manager: list: Listing contexts for virtual host 'localhost'
29-May-2018 23:16:37.453 INFO [http-nio-500-exec-17] org.apache.catalina.core.ApplicationContext.log Manager: list: Listing contexts for virtual host 'localhost'
29-May-2018 23:16:42.763 INFO [http-nio-500-exec-14] org.apache.catalina.core.ApplicationContext.log Manager: list: Listing contexts for virtual host 'localhost'
29-May-2018 23:16:58.420 INFO [http-nio-500-exec-20] org.apache.catalina.core.ApplicationContext.log Manager: list: Listing contexts for virtual host 'localhost'
29-May-2018 23:17:05.953 INFO [http-nio-500-exec-12] org.apache.catalina.core.ApplicationContext.log Manager: list: Listing contexts for virtual host 'localhost'
29-May-2018 23:17:10.599 INFO [http-nio-500-exec-12] org.apache.catalina.core.ApplicationContext.log Manager: list: Listing contexts for virtual host 'localhost'
29-May-2018 23:17:22.845 INFO [http-nio-500-exec-15] org.apache.catalina.core.ApplicationContext.log Manager: list: Listing contexts for virtual host 'localhost'
29-May-2018 23:17:30.948 INFO [http-nio-500-exec-13] org.apache.catalina.core.ApplicationContext.log Manager: list: Listing contexts for virtual host 'localhost'
29-May-2018 23:17:36.371 INFO [http-nio-500-exec-20] org.apache.catalina.core.ApplicationContext.log Manager: list: Listing contexts for virtual host 'localhost'
29-May-2018 23:18:55.190 INFO [http-nio-500-exec-12] org.apache.catalina.core.ApplicationContext.log Manager: list: Listing contexts for virtual host 'localhost'
29-May-2018 23:19:00.291 INFO [http-nio-500-exec-20] org.apache.catalina.core.ApplicationContext.log Manager: list: Listing contexts for virtual host 'localhost'
29-May-2018 23:19:07.788 INFO [http-nio-500-exec-17] org.apache.catalina.core.ApplicationContext.log Manager: list: Listing contexts for virtual host 'localhost'
29-May-2018 23:22:00.852 INFO [http-nio-500-exec-14] org.apache.catalina.core.ApplicationContext.log Manager: list: Listing contexts for virtual host 'localhost'
29-May-2018 23:22:00.942 INFO [http-nio-500-exec-19] org.apache.catalina.core.ApplicationContext.log Manager: restart: Reloading web application '/springWebMvc'
29-May-2018 23:22:14.657 INFO [http-nio-500-exec-14] org.apache.catalina.core.ApplicationContext.log Manager: list: Listing contexts for virtual host 'localhost'
29-May-2018 23:22:14.665 INFO [http-nio-500-exec-12] org.apache.catalina.core.ApplicationContext.log Manager: restart: Reloading web application '/springWebMvc'
29-May-2018 23:23:10.975 INFO [http-nio-500-exec-20] org.apache.catalina.core.ApplicationContext.log Manager: list: Listing contexts for virtual host 'localhost'
29-May-2018 23:26:39.092 INFO [http-nio-500-exec-27] org.apache.catalina.core.ApplicationContext.log Manager: list: Listing contexts for virtual host 'localhost'
29-May-2018 23:26:56.856 INFO [http-nio-500-exec-25] org.apache.catalina.core.ApplicationContext.log Manager: list: Listing contexts for virtual host 'localhost'
29-May-2018 23:27:08.081 INFO [http-nio-500-exec-32] org.apache.catalina.core.ApplicationContext.log Manager: list: Listing contexts for virtual host 'localhost'
29-May-2018 23:27:08.091 INFO [http-nio-500-exec-31] org.apache.catalina.core.ApplicationContext.log Manager: restart: Reloading web application '/springWebMvc'
29-May-2018 23:27:17.724 INFO [http-nio-500-exec-26] org.apache.catalina.core.ApplicationContext.log Manager: list: Listing contexts for virtual host 'localhost'
29-May-2018 23:27:17.736 INFO [http-nio-500-exec-34] org.apache.catalina.core.ApplicationContext.log Manager: restart: Reloading web application '/springWebMvc'
29-May-2018 23:28:40.513 INFO [http-nio-500-exec-36] org.apache.catalina.core.ApplicationContext.log Manager: list: Listing contexts for virtual host 'localhost'
29-May-2018 23:29:54.759 INFO [http-nio-500-exec-44] org.apache.catalina.core.ApplicationContext.log Manager: list: Listing contexts for virtual host 'localhost'
29-May-2018 23:29:54.779 INFO [http-nio-500-exec-35] org.apache.catalina.core.ApplicationContext.log Manager: restart: Reloading web application '/springWebMvc'
29-May-2018 23:30:17.796 INFO [http-nio-500-exec-39] org.apache.catalina.core.ApplicationContext.log Manager: list: Listing contexts for virtual host 'localhost'
29-May-2018 23:33:16.009 INFO [http-nio-500-exec-45] org.apache.catalina.core.ApplicationContext.log Manager: list: Listing contexts for virtual host 'localhost'
29-May-2018 23:34:08.934 INFO [http-nio-500-exec-45] org.apache.catalina.core.ApplicationContext.log Manager: list: Listing contexts for virtual host 'localhost'
29-May-2018 23:34:08.943 INFO [http-nio-500-exec-47] org.apache.catalina.core.ApplicationContext.log Manager: restart: Reloading web application '/springWebMvc'
29-May-2018 23:34:48.742 INFO [http-nio-500-exec-55] org.apache.catalina.core.ApplicationContext.log Manager: list: Listing contexts for virtual host 'localhost'
29-May-2018 23:35:09.625 INFO [http-nio-500-exec-60] org.apache.catalina.core.ApplicationContext.log Manager: list: Listing contexts for virtual host 'localhost'
29-May-2018 23:36:06.889 INFO [http-nio-500-exec-60] org.apache.catalina.core.ApplicationContext.log Manager: list: Listing contexts for virtual host 'localhost'
29-May-2018 23:36:51.940 INFO [http-nio-500-exec-55] org.apache.catalina.core.ApplicationContext.log Manager: list: Listing contexts for virtual host 'localhost'
29-May-2018 23:37:16.348 INFO [http-nio-500-exec-63] org.apache.catalina.core.ApplicationContext.log Manager: list: Listing contexts for virtual host 'localhost'
29-May-2018 23:37:27.818 INFO [http-nio-500-exec-64] org.apache.catalina.core.ApplicationContext.log Manager: list: Listing contexts for virtual host 'localhost'
29-May-2018 23:37:40.756 INFO [http-nio-500-exec-56] org.apache.catalina.core.ApplicationContext.log Manager: list: Listing contexts for virtual host 'localhost'
29-May-2018 23:37:48.071 INFO [http-nio-500-exec-62] org.apache.catalina.core.ApplicationContext.log Manager: list: Listing contexts for virtual host 'localhost'
29-May-2018 23:37:54.763 INFO [http-nio-500-exec-58] org.apache.catalina.core.ApplicationContext.log Manager: list: Listing contexts for virtual host 'localhost'
29-May-2018 23:38:53.827 INFO [http-nio-500-exec-58] org.apache.catalina.core.ApplicationContext.log Manager: list: Listing contexts for virtual host 'localhost'
29-May-2018 23:40:18.246 INFO [http-nio-500-exec-64] org.apache.catalina.core.ApplicationContext.log Manager: list: Listing contexts for virtual host 'localhost'
29-May-2018 23:40:41.179 INFO [http-nio-500-exec-64] org.apache.catalina.core.ApplicationContext.log Manager: list: Listing contexts for virtual host 'localhost'
29-May-2018 23:41:44.055 INFO [http-nio-500-exec-62] org.apache.catalina.core.ApplicationContext.log Manager: list: Listing contexts for virtual host 'localhost'
29-May-2018 23:41:56.064 INFO [http-nio-500-exec-62] org.apache.catalina.core.ApplicationContext.log Manager: list: Listing contexts for virtual host 'localhost'
29-May-2018 23:44:22.953 INFO [http-nio-500-exec-56] org.apache.catalina.core.ApplicationContext.log Manager: list: Listing contexts for virtual host 'localhost'
29-May-2018 23:44:38.728 INFO [http-nio-500-exec-58] org.apache.catalina.core.ApplicationContext.log Manager: list: Listing contexts for virtual host 'localhost'
29-May-2018 23:50:21.064 INFO [http-nio-500-exec-61] org.apache.catalina.core.ApplicationContext.log Manager: list: Listing contexts for virtual host 'localhost'
29-May-2018 23:50:21.072 INFO [http-nio-500-exec-55] org.apache.catalina.core.ApplicationContext.log Manager: restart: Reloading web application '/springWebMvc'
29-May-2018 23:52:09.098 INFO [http-nio-500-exec-65] org.apache.catalina.core.ApplicationContext.log Manager: list: Listing contexts for virtual host 'localhost'
