28-May-2018 21:08:42.263 INFO [http-nio-500-exec-9] org.apache.catalina.core.ApplicationContext.log Manager: init: Associated with Deployer 'Catalina:type=Deployer,host=localhost'
28-May-2018 21:08:42.264 INFO [http-nio-500-exec-9] org.apache.catalina.core.ApplicationContext.log Manager: init: Global resources are available
28-May-2018 21:08:59.434 INFO [http-nio-500-exec-1] org.apache.catalina.core.ApplicationContext.log Manager: list: Listing contexts for virtual host 'localhost'
28-May-2018 21:08:59.485 INFO [http-nio-500-exec-3] org.apache.catalina.core.ApplicationContext.log Manager: list: Listing contexts for virtual host 'localhost'
28-May-2018 21:08:59.601 INFO [http-nio-500-exec-4] org.apache.catalina.core.ApplicationContext.log Manager: install: Installing context configuration at 'file:/C:/Users/Rio.Rai/AppData/Local/Temp/context2560888528784071171.xml'
28-May-2018 21:09:08.663 INFO [http-nio-500-exec-5] org.apache.catalina.core.ApplicationContext.log Manager: start: Starting web application '/springWebMvc'
28-May-2018 21:09:37.457 INFO [http-nio-500-exec-8] org.apache.catalina.core.ApplicationContext.log Manager: list: Listing contexts for virtual host 'localhost'
28-May-2018 21:09:37.461 INFO [http-nio-500-exec-2] org.apache.catalina.core.ApplicationContext.log Manager: list: Listing contexts for virtual host 'localhost'
28-May-2018 21:12:44.189 INFO [http-nio-500-exec-4] org.apache.catalina.core.ApplicationContext.log Manager: list: Listing contexts for virtual host 'localhost'
28-May-2018 21:12:44.209 INFO [http-nio-500-exec-5] org.apache.catalina.core.ApplicationContext.log Manager: restart: Reloading web application '/springWebMvc'
28-May-2018 21:12:52.486 INFO [http-nio-500-exec-11] org.apache.catalina.core.ApplicationContext.log Manager: list: Listing contexts for virtual host 'localhost'
28-May-2018 21:12:52.497 INFO [http-nio-500-exec-7] org.apache.catalina.core.ApplicationContext.log Manager: restart: Reloading web application '/springWebMvc'
28-May-2018 21:15:44.651 INFO [http-nio-500-exec-14] org.apache.catalina.core.ApplicationContext.log Manager: list: Listing contexts for virtual host 'localhost'
28-May-2018 21:15:44.661 INFO [http-nio-500-exec-17] org.apache.catalina.core.ApplicationContext.log Manager: restart: Reloading web application '/springWebMvc'
28-May-2018 21:16:23.647 INFO [http-nio-500-exec-13] org.apache.catalina.core.ApplicationContext.log Manager: list: Listing contexts for virtual host 'localhost'
28-May-2018 21:16:48.987 INFO [http-nio-500-exec-13] org.apache.catalina.core.ApplicationContext.log Manager: list: Listing contexts for virtual host 'localhost'
28-May-2018 21:16:48.990 INFO [http-nio-500-exec-14] org.apache.catalina.core.ApplicationContext.log Manager: list: Listing contexts for virtual host 'localhost'
28-May-2018 21:16:49.041 INFO [http-nio-500-exec-8] org.apache.catalina.core.ApplicationContext.log Manager: restart: Reloading web application '/springWebMvc'
28-May-2018 21:18:58.990 INFO [http-nio-500-exec-22] org.apache.catalina.core.ApplicationContext.log Manager: list: Listing contexts for virtual host 'localhost'
28-May-2018 21:19:03.659 INFO [http-nio-500-exec-28] org.apache.catalina.core.ApplicationContext.log Manager: list: Listing contexts for virtual host 'localhost'
28-May-2018 21:19:03.662 INFO [http-nio-500-exec-18] org.apache.catalina.core.ApplicationContext.log Manager: list: Listing contexts for virtual host 'localhost'
28-May-2018 21:19:17.548 INFO [http-nio-500-exec-27] org.apache.catalina.core.ApplicationContext.log Manager: list: Listing contexts for virtual host 'localhost'
28-May-2018 21:19:35.903 INFO [http-nio-500-exec-31] org.apache.catalina.core.ApplicationContext.log Manager: list: Listing contexts for virtual host 'localhost'
28-May-2018 21:19:35.912 INFO [http-nio-500-exec-22] org.apache.catalina.core.ApplicationContext.log Manager: restart: Reloading web application '/springWebMvc'
28-May-2018 21:19:42.958 INFO [http-nio-500-exec-24] org.apache.catalina.core.ApplicationContext.log Manager: list: Listing contexts for virtual host 'localhost'
28-May-2018 21:19:42.961 INFO [http-nio-500-exec-30] org.apache.catalina.core.ApplicationContext.log Manager: list: Listing contexts for virtual host 'localhost'
28-May-2018 21:19:42.987 INFO [http-nio-500-exec-32] org.apache.catalina.core.ApplicationContext.log Manager: restart: Reloading web application '/springWebMvc'
28-May-2018 21:21:44.174 INFO [http-nio-500-exec-34] org.apache.catalina.core.ApplicationContext.log Manager: list: Listing contexts for virtual host 'localhost'
28-May-2018 21:21:44.185 INFO [http-nio-500-exec-35] org.apache.catalina.core.ApplicationContext.log Manager: stop: Stopping web application '/springWebMvc'
28-May-2018 21:21:44.208 INFO [http-nio-500-exec-38] org.apache.catalina.core.ApplicationContext.log Manager: start: Starting web application '/springWebMvc'
28-May-2018 21:22:31.466 INFO [http-nio-500-exec-28] org.apache.catalina.core.ApplicationContext.log Manager: list: Listing contexts for virtual host 'localhost'
28-May-2018 21:22:31.487 INFO [http-nio-500-exec-42] org.apache.catalina.core.ApplicationContext.log Manager: stop: Stopping web application '/springWebMvc'
28-May-2018 21:22:31.942 INFO [http-nio-500-exec-37] org.apache.catalina.core.ApplicationContext.log Manager: start: Starting web application '/springWebMvc'
28-May-2018 21:22:41.950 INFO [http-nio-500-exec-43] org.apache.catalina.core.ApplicationContext.log Manager: list: Listing contexts for virtual host 'localhost'
28-May-2018 21:22:41.976 INFO [http-nio-500-exec-41] org.apache.catalina.core.ApplicationContext.log Manager: undeploy: Undeploying web application at '/springWebMvc'
28-May-2018 21:22:55.532 INFO [http-nio-500-exec-42] org.apache.catalina.core.ApplicationContext.log Manager: list: Listing contexts for virtual host 'localhost'
28-May-2018 21:22:55.542 INFO [http-nio-500-exec-36] org.apache.catalina.core.ApplicationContext.log Manager: list: Listing contexts for virtual host 'localhost'
28-May-2018 21:22:55.552 INFO [http-nio-500-exec-39] org.apache.catalina.core.ApplicationContext.log Manager: install: Installing context configuration at 'file:/C:/Users/Rio.Rai/AppData/Local/Temp/context1240810677627637948.xml'
28-May-2018 21:22:58.368 INFO [http-nio-500-exec-40] org.apache.catalina.core.ApplicationContext.log Manager: start: Starting web application '/springWebMvc'
28-May-2018 21:23:28.030 INFO [http-nio-500-exec-36] org.apache.catalina.core.ApplicationContext.log Manager: list: Listing contexts for virtual host 'localhost'
28-May-2018 21:23:28.040 INFO [http-nio-500-exec-47] org.apache.catalina.core.ApplicationContext.log Manager: restart: Reloading web application '/springWebMvc'
28-May-2018 21:23:34.268 INFO [http-nio-500-exec-36] org.apache.catalina.core.ApplicationContext.log Manager: list: Listing contexts for virtual host 'localhost'
28-May-2018 21:23:34.274 INFO [http-nio-500-exec-40] org.apache.catalina.core.ApplicationContext.log Manager: list: Listing contexts for virtual host 'localhost'
28-May-2018 21:23:34.302 INFO [http-nio-500-exec-48] org.apache.catalina.core.ApplicationContext.log Manager: restart: Reloading web application '/springWebMvc'
28-May-2018 21:27:54.275 INFO [http-nio-500-exec-54] org.apache.catalina.core.ApplicationContext.log Manager: list: Listing contexts for virtual host 'localhost'
28-May-2018 21:27:54.289 INFO [http-nio-500-exec-55] org.apache.catalina.core.ApplicationContext.log Manager: restart: Reloading web application '/springWebMvc'
28-May-2018 21:30:34.735 INFO [http-nio-500-exec-59] org.apache.catalina.core.ApplicationContext.log Manager: list: Listing contexts for virtual host 'localhost'
28-May-2018 21:30:34.745 INFO [http-nio-500-exec-65] org.apache.catalina.core.ApplicationContext.log Manager: restart: Reloading web application '/springWebMvc'
28-May-2018 21:30:48.533 INFO [http-nio-500-exec-54] org.apache.catalina.core.ApplicationContext.log Manager: list: Listing contexts for virtual host 'localhost'
28-May-2018 21:30:57.173 INFO [http-nio-500-exec-72] org.apache.catalina.core.ApplicationContext.log Manager: list: Listing contexts for virtual host 'localhost'
28-May-2018 21:33:38.569 INFO [http-nio-500-exec-72] org.apache.catalina.core.ApplicationContext.log Manager: list: Listing contexts for virtual host 'localhost'
28-May-2018 21:34:12.100 INFO [http-nio-500-exec-70] org.apache.catalina.core.ApplicationContext.log Manager: list: Listing contexts for virtual host 'localhost'
28-May-2018 21:34:12.105 INFO [http-nio-500-exec-59] org.apache.catalina.core.ApplicationContext.log Manager: list: Listing contexts for virtual host 'localhost'
28-May-2018 21:34:12.157 INFO [http-nio-500-exec-76] org.apache.catalina.core.ApplicationContext.log Manager: restart: Reloading web application '/springWebMvc'
28-May-2018 21:36:28.487 INFO [http-nio-500-exec-79] org.apache.catalina.core.ApplicationContext.log Manager: list: Listing contexts for virtual host 'localhost'
28-May-2018 21:36:28.499 INFO [http-nio-500-exec-80] org.apache.catalina.core.ApplicationContext.log Manager: restart: Reloading web application '/springWebMvc'
28-May-2018 21:36:36.722 INFO [http-nio-500-exec-86] org.apache.catalina.core.ApplicationContext.log Manager: list: Listing contexts for virtual host 'localhost'
28-May-2018 21:36:36.733 INFO [http-nio-500-exec-79] org.apache.catalina.core.ApplicationContext.log Manager: restart: Reloading web application '/springWebMvc'
28-May-2018 21:40:35.661 INFO [http-nio-500-exec-89] org.apache.catalina.core.ApplicationContext.log Manager: list: Listing contexts for virtual host 'localhost'
28-May-2018 21:40:35.713 INFO [http-nio-500-exec-91] org.apache.catalina.core.ApplicationContext.log Manager: restart: Reloading web application '/springWebMvc'
28-May-2018 21:40:57.680 INFO [http-nio-500-exec-90] org.apache.catalina.core.ApplicationContext.log Manager: list: Listing contexts for virtual host 'localhost'
28-May-2018 21:40:57.690 INFO [http-nio-500-exec-95] org.apache.catalina.core.ApplicationContext.log Manager: restart: Reloading web application '/springWebMvc'
28-May-2018 21:41:02.504 INFO [http-nio-500-exec-96] org.apache.catalina.core.ApplicationContext.log Manager: list: Listing contexts for virtual host 'localhost'
28-May-2018 21:41:02.517 INFO [http-nio-500-exec-97] org.apache.catalina.core.ApplicationContext.log Manager: restart: Reloading web application '/springWebMvc'
28-May-2018 21:42:14.337 INFO [http-nio-500-exec-94] org.apache.catalina.core.ApplicationContext.log Manager: list: Listing contexts for virtual host 'localhost'
28-May-2018 21:42:14.350 INFO [http-nio-500-exec-100] org.apache.catalina.core.ApplicationContext.log Manager: restart: Reloading web application '/springWebMvc'
28-May-2018 21:42:17.910 INFO [http-nio-500-exec-104] org.apache.catalina.core.ApplicationContext.log Manager: list: Listing contexts for virtual host 'localhost'
28-May-2018 21:42:17.923 INFO [http-nio-500-exec-94] org.apache.catalina.core.ApplicationContext.log Manager: restart: Reloading web application '/springWebMvc'
28-May-2018 21:58:04.444 INFO [http-nio-500-exec-107] org.apache.catalina.core.ApplicationContext.log Manager: list: Listing contexts for virtual host 'localhost'
28-May-2018 21:58:04.664 INFO [http-nio-500-exec-106] org.apache.catalina.core.ApplicationContext.log Manager: restart: Reloading web application '/springWebMvc'
28-May-2018 21:58:13.753 INFO [http-nio-500-exec-109] org.apache.catalina.core.ApplicationContext.log Manager: list: Listing contexts for virtual host 'localhost'
28-May-2018 21:58:13.767 INFO [http-nio-500-exec-110] org.apache.catalina.core.ApplicationContext.log Manager: restart: Reloading web application '/springWebMvc'
28-May-2018 21:59:02.690 INFO [http-nio-500-exec-117] org.apache.catalina.core.ApplicationContext.log Manager: list: Listing contexts for virtual host 'localhost'
28-May-2018 21:59:02.705 INFO [http-nio-500-exec-112] org.apache.catalina.core.ApplicationContext.log Manager: restart: Reloading web application '/springWebMvc'
28-May-2018 21:59:05.975 INFO [http-nio-500-exec-118] org.apache.catalina.core.ApplicationContext.log Manager: list: Listing contexts for virtual host 'localhost'
28-May-2018 21:59:05.983 INFO [http-nio-500-exec-109] org.apache.catalina.core.ApplicationContext.log Manager: restart: Reloading web application '/springWebMvc'
28-May-2018 22:00:12.630 INFO [http-nio-500-exec-108] org.apache.catalina.core.ApplicationContext.log Manager: list: Listing contexts for virtual host 'localhost'
28-May-2018 22:00:12.639 INFO [http-nio-500-exec-122] org.apache.catalina.core.ApplicationContext.log Manager: restart: Reloading web application '/springWebMvc'
28-May-2018 22:05:34.638 INFO [http-nio-500-exec-124] org.apache.catalina.core.ApplicationContext.log Manager: list: Listing contexts for virtual host 'localhost'
28-May-2018 22:05:34.650 INFO [http-nio-500-exec-125] org.apache.catalina.core.ApplicationContext.log Manager: restart: Reloading web application '/springWebMvc'
28-May-2018 22:08:21.930 INFO [http-nio-500-exec-133] org.apache.catalina.core.ApplicationContext.log Manager: list: Listing contexts for virtual host 'localhost'
28-May-2018 22:08:21.938 INFO [http-nio-500-exec-134] org.apache.catalina.core.ApplicationContext.log Manager: restart: Reloading web application '/springWebMvc'
28-May-2018 22:08:40.707 INFO [http-nio-500-exec-140] org.apache.catalina.core.ApplicationContext.log Manager: list: Listing contexts for virtual host 'localhost'
28-May-2018 22:08:40.717 INFO [http-nio-500-exec-127] org.apache.catalina.core.ApplicationContext.log Manager: restart: Reloading web application '/springWebMvc'
28-May-2018 22:08:54.980 INFO [http-nio-500-exec-123] org.apache.catalina.core.ApplicationContext.log Manager: list: Listing contexts for virtual host 'localhost'
28-May-2018 22:08:54.990 INFO [http-nio-500-exec-140] org.apache.catalina.core.ApplicationContext.log Manager: restart: Reloading web application '/springWebMvc'
28-May-2018 22:12:49.695 INFO [http-nio-500-exec-138] org.apache.catalina.core.ApplicationContext.log Manager: list: Listing contexts for virtual host 'localhost'
28-May-2018 22:12:49.723 INFO [http-nio-500-exec-148] org.apache.catalina.core.ApplicationContext.log Manager: undeploy: Undeploying web application at '/springWebMvc'
