30-May-2018 00:07:35.280 INFO [http-nio-500-exec-67] org.apache.catalina.core.ApplicationContext.log Manager: list: Listing contexts for virtual host 'localhost'
30-May-2018 00:07:44.407 INFO [http-nio-500-exec-65] org.apache.catalina.core.ApplicationContext.log Manager: restart: Reloading web application '/springWebMvc'
30-May-2018 00:11:55.813 INFO [http-nio-500-exec-75] org.apache.catalina.core.ApplicationContext.log Manager: list: Listing contexts for virtual host 'localhost'
30-May-2018 00:11:56.094 INFO [http-nio-500-exec-67] org.apache.catalina.core.ApplicationContext.log Manager: restart: Reloading web application '/springWebMvc'
30-May-2018 00:12:11.201 INFO [http-nio-500-exec-77] org.apache.catalina.core.ApplicationContext.log Manager: list: Listing contexts for virtual host 'localhost'
30-May-2018 00:12:11.211 INFO [http-nio-500-exec-70] org.apache.catalina.core.ApplicationContext.log Manager: restart: Reloading web application '/springWebMvc'
30-May-2018 00:13:07.960 INFO [http-nio-500-exec-79] org.apache.catalina.core.ApplicationContext.log Manager: list: Listing contexts for virtual host 'localhost'
30-May-2018 00:13:07.971 INFO [http-nio-500-exec-76] org.apache.catalina.core.ApplicationContext.log Manager: restart: Reloading web application '/springWebMvc'
30-May-2018 00:14:16.930 INFO [http-nio-500-exec-79] org.apache.catalina.core.ApplicationContext.log Manager: list: Listing contexts for virtual host 'localhost'
30-May-2018 00:14:16.942 INFO [http-nio-500-exec-83] org.apache.catalina.core.ApplicationContext.log Manager: restart: Reloading web application '/springWebMvc'
30-May-2018 00:14:35.989 INFO [http-nio-500-exec-85] org.apache.catalina.core.ApplicationContext.log Manager: list: Listing contexts for virtual host 'localhost'
30-May-2018 00:14:36.000 INFO [http-nio-500-exec-80] org.apache.catalina.core.ApplicationContext.log Manager: restart: Reloading web application '/springWebMvc'
30-May-2018 00:18:09.434 INFO [http-nio-500-exec-92] org.apache.catalina.core.ApplicationContext.log Manager: list: Listing contexts for virtual host 'localhost'
30-May-2018 00:22:58.151 INFO [http-nio-500-exec-63] org.apache.catalina.core.ApplicationContext.log Manager: init: Associated with Deployer 'Catalina:type=Deployer,host=localhost'
30-May-2018 00:22:58.151 INFO [http-nio-500-exec-63] org.apache.catalina.core.ApplicationContext.log Manager: init: Global resources are available
30-May-2018 13:38:15.892 INFO [http-nio-500-exec-6] org.apache.catalina.core.ApplicationContext.log Manager: init: Associated with Deployer 'Catalina:type=Deployer,host=localhost'
30-May-2018 13:38:15.892 INFO [http-nio-500-exec-6] org.apache.catalina.core.ApplicationContext.log Manager: init: Global resources are available
30-May-2018 13:39:01.750 INFO [http-nio-500-exec-27] org.apache.catalina.core.ApplicationContext.log Manager: list: Listing contexts for virtual host 'localhost'
30-May-2018 13:39:01.758 INFO [http-nio-500-exec-33] org.apache.catalina.core.ApplicationContext.log Manager: list: Listing contexts for virtual host 'localhost'
30-May-2018 13:39:03.405 INFO [http-nio-500-exec-22] org.apache.catalina.core.ApplicationContext.log Manager: restart: Reloading web application '/springWebMvc'
30-May-2018 13:40:19.960 INFO [http-nio-500-exec-39] org.apache.catalina.core.ApplicationContext.log Manager: list: Listing contexts for virtual host 'localhost'
30-May-2018 13:42:08.051 INFO [http-nio-500-exec-46] org.apache.catalina.core.ApplicationContext.log Manager: list: Listing contexts for virtual host 'localhost'
30-May-2018 13:42:08.055 INFO [http-nio-500-exec-39] org.apache.catalina.core.ApplicationContext.log Manager: list: Listing contexts for virtual host 'localhost'
30-May-2018 13:48:07.740 INFO [http-nio-500-exec-28] org.apache.catalina.core.ApplicationContext.log Manager: init: Associated with Deployer 'Catalina:type=Deployer,host=localhost'
30-May-2018 13:48:07.740 INFO [http-nio-500-exec-28] org.apache.catalina.core.ApplicationContext.log Manager: init: Global resources are available
30-May-2018 13:49:05.627 INFO [http-nio-500-exec-9] org.apache.catalina.core.ApplicationContext.log Manager: list: Listing contexts for virtual host 'localhost'
30-May-2018 13:49:05.631 INFO [http-nio-500-exec-28] org.apache.catalina.core.ApplicationContext.log Manager: list: Listing contexts for virtual host 'localhost'
30-May-2018 14:08:33.760 INFO [http-nio-500-exec-28] org.apache.catalina.core.ApplicationContext.log Manager: list: Listing contexts for virtual host 'localhost'
30-May-2018 14:09:34.374 INFO [http-nio-500-exec-35] org.apache.catalina.core.ApplicationContext.log Manager: list: Listing contexts for virtual host 'localhost'
30-May-2018 14:10:33.022 INFO [http-nio-500-exec-1] org.apache.catalina.core.ApplicationContext.log Manager: list: Listing contexts for virtual host 'localhost'
30-May-2018 14:11:27.357 INFO [http-nio-500-exec-14] org.apache.catalina.core.ApplicationContext.log Manager: list: Listing contexts for virtual host 'localhost'
30-May-2018 14:14:11.857 INFO [http-nio-500-exec-9] org.apache.catalina.core.ApplicationContext.log Manager: list: Listing contexts for virtual host 'localhost'
30-May-2018 14:14:11.895 INFO [http-nio-500-exec-72] org.apache.catalina.core.ApplicationContext.log Manager: restart: Reloading web application '/springWebMvc'
30-May-2018 14:21:28.258 INFO [http-nio-500-exec-87] org.apache.catalina.core.ApplicationContext.log Manager: list: Listing contexts for virtual host 'localhost'
30-May-2018 14:21:33.765 INFO [http-nio-500-exec-94] org.apache.catalina.core.ApplicationContext.log Manager: list: Listing contexts for virtual host 'localhost'
30-May-2018 14:23:12.389 INFO [http-nio-500-exec-88] org.apache.catalina.core.ApplicationContext.log Manager: list: Listing contexts for virtual host 'localhost'
30-May-2018 14:31:25.606 INFO [http-nio-500-exec-95] org.apache.catalina.core.ApplicationContext.log Manager: list: Listing contexts for virtual host 'localhost'
30-May-2018 14:31:25.704 INFO [http-nio-500-exec-88] org.apache.catalina.core.ApplicationContext.log Manager: restart: Reloading web application '/springWebMvc'
30-May-2018 14:31:32.269 INFO [http-nio-500-exec-96] org.apache.catalina.core.ApplicationContext.log Manager: list: Listing contexts for virtual host 'localhost'
30-May-2018 14:31:32.279 INFO [http-nio-500-exec-93] org.apache.catalina.core.ApplicationContext.log Manager: restart: Reloading web application '/springWebMvc'
30-May-2018 14:33:07.154 INFO [http-nio-500-exec-101] org.apache.catalina.core.ApplicationContext.log Manager: list: Listing contexts for virtual host 'localhost'
30-May-2018 14:33:07.167 INFO [http-nio-500-exec-89] org.apache.catalina.core.ApplicationContext.log Manager: restart: Reloading web application '/springWebMvc'
30-May-2018 14:33:10.287 INFO [http-nio-500-exec-94] org.apache.catalina.core.ApplicationContext.log Manager: list: Listing contexts for virtual host 'localhost'
30-May-2018 14:33:10.295 INFO [http-nio-500-exec-99] org.apache.catalina.core.ApplicationContext.log Manager: restart: Reloading web application '/springWebMvc'
30-May-2018 14:33:22.317 INFO [http-nio-500-exec-98] org.apache.catalina.core.ApplicationContext.log Manager: list: Listing contexts for virtual host 'localhost'
30-May-2018 14:33:22.327 INFO [http-nio-500-exec-95] org.apache.catalina.core.ApplicationContext.log Manager: restart: Reloading web application '/springWebMvc'
30-May-2018 14:33:25.323 INFO [http-nio-500-exec-105] org.apache.catalina.core.ApplicationContext.log Manager: list: Listing contexts for virtual host 'localhost'
30-May-2018 14:33:25.334 INFO [http-nio-500-exec-94] org.apache.catalina.core.ApplicationContext.log Manager: restart: Reloading web application '/springWebMvc'
30-May-2018 14:37:20.862 INFO [http-nio-500-exec-106] org.apache.catalina.core.ApplicationContext.log Manager: list: Listing contexts for virtual host 'localhost'
30-May-2018 14:37:20.874 INFO [http-nio-500-exec-107] org.apache.catalina.core.ApplicationContext.log Manager: restart: Reloading web application '/springWebMvc'
30-May-2018 14:40:01.243 INFO [http-nio-500-exec-118] org.apache.catalina.core.ApplicationContext.log Manager: list: Listing contexts for virtual host 'localhost'
30-May-2018 14:40:01.254 INFO [http-nio-500-exec-114] org.apache.catalina.core.ApplicationContext.log Manager: restart: Reloading web application '/springWebMvc'
30-May-2018 14:40:04.962 INFO [http-nio-500-exec-118] org.apache.catalina.core.ApplicationContext.log Manager: list: Listing contexts for virtual host 'localhost'
30-May-2018 14:40:04.976 INFO [http-nio-500-exec-106] org.apache.catalina.core.ApplicationContext.log Manager: restart: Reloading web application '/springWebMvc'
30-May-2018 14:40:24.518 INFO [http-nio-500-exec-122] org.apache.catalina.core.ApplicationContext.log Manager: list: Listing contexts for virtual host 'localhost'
30-May-2018 14:47:13.971 INFO [http-nio-500-exec-121] org.apache.catalina.core.ApplicationContext.log Manager: list: Listing contexts for virtual host 'localhost'
30-May-2018 14:47:13.978 INFO [http-nio-500-exec-122] org.apache.catalina.core.ApplicationContext.log Manager: restart: Reloading web application '/springWebMvc'
30-May-2018 14:51:29.944 INFO [http-nio-500-exec-125] org.apache.catalina.core.ApplicationContext.log Manager: list: Listing contexts for virtual host 'localhost'
30-May-2018 14:51:29.955 INFO [http-nio-500-exec-131] org.apache.catalina.core.ApplicationContext.log Manager: restart: Reloading web application '/springWebMvc'
30-May-2018 14:52:06.328 INFO [http-nio-500-exec-141] org.apache.catalina.core.ApplicationContext.log Manager: list: Listing contexts for virtual host 'localhost'
30-May-2018 14:53:15.246 INFO [http-nio-500-exec-136] org.apache.catalina.core.ApplicationContext.log Manager: list: Listing contexts for virtual host 'localhost'
30-May-2018 14:53:15.261 INFO [http-nio-500-exec-142] org.apache.catalina.core.ApplicationContext.log Manager: restart: Reloading web application '/springWebMvc'
30-May-2018 14:53:25.117 INFO [http-nio-500-exec-145] org.apache.catalina.core.ApplicationContext.log Manager: list: Listing contexts for virtual host 'localhost'
30-May-2018 14:53:25.129 INFO [http-nio-500-exec-141] org.apache.catalina.core.ApplicationContext.log Manager: restart: Reloading web application '/springWebMvc'
30-May-2018 14:54:59.670 INFO [http-nio-500-exec-144] org.apache.catalina.core.ApplicationContext.log Manager: list: Listing contexts for virtual host 'localhost'
30-May-2018 14:54:59.681 INFO [http-nio-500-exec-149] org.apache.catalina.core.ApplicationContext.log Manager: restart: Reloading web application '/springWebMvc'
30-May-2018 14:58:12.492 INFO [http-nio-500-exec-151] org.apache.catalina.core.ApplicationContext.log Manager: list: Listing contexts for virtual host 'localhost'
30-May-2018 14:59:18.568 INFO [http-nio-500-exec-157] org.apache.catalina.core.ApplicationContext.log Manager: list: Listing contexts for virtual host 'localhost'
30-May-2018 14:59:34.846 INFO [http-nio-500-exec-158] org.apache.catalina.core.ApplicationContext.log Manager: list: Listing contexts for virtual host 'localhost'
30-May-2018 14:59:45.614 INFO [http-nio-500-exec-154] org.apache.catalina.core.ApplicationContext.log Manager: list: Listing contexts for virtual host 'localhost'
30-May-2018 14:59:45.618 INFO [http-nio-500-exec-157] org.apache.catalina.core.ApplicationContext.log Manager: list: Listing contexts for virtual host 'localhost'
30-May-2018 14:59:45.684 INFO [http-nio-500-exec-159] org.apache.catalina.core.ApplicationContext.log Manager: restart: Reloading web application '/springWebMvc'
30-May-2018 15:00:52.946 INFO [http-nio-500-exec-163] org.apache.catalina.core.ApplicationContext.log Manager: list: Listing contexts for virtual host 'localhost'
30-May-2018 15:00:52.954 INFO [http-nio-500-exec-162] org.apache.catalina.core.ApplicationContext.log Manager: restart: Reloading web application '/springWebMvc'
30-May-2018 15:00:56.818 INFO [http-nio-500-exec-160] org.apache.catalina.core.ApplicationContext.log Manager: list: Listing contexts for virtual host 'localhost'
30-May-2018 15:00:59.627 INFO [http-nio-500-exec-167] org.apache.catalina.core.ApplicationContext.log Manager: list: Listing contexts for virtual host 'localhost'
30-May-2018 15:00:59.630 INFO [http-nio-500-exec-168] org.apache.catalina.core.ApplicationContext.log Manager: list: Listing contexts for virtual host 'localhost'
30-May-2018 15:00:59.662 INFO [http-nio-500-exec-160] org.apache.catalina.core.ApplicationContext.log Manager: restart: Reloading web application '/springWebMvc'
30-May-2018 15:02:48.205 INFO [http-nio-500-exec-171] org.apache.catalina.core.ApplicationContext.log Manager: list: Listing contexts for virtual host 'localhost'
30-May-2018 15:03:15.876 INFO [http-nio-500-exec-178] org.apache.catalina.core.ApplicationContext.log Manager: list: Listing contexts for virtual host 'localhost'
30-May-2018 15:04:02.009 INFO [http-nio-500-exec-178] org.apache.catalina.core.ApplicationContext.log Manager: list: Listing contexts for virtual host 'localhost'
30-May-2018 15:04:02.019 INFO [http-nio-500-exec-176] org.apache.catalina.core.ApplicationContext.log Manager: restart: Reloading web application '/springWebMvc'
30-May-2018 15:04:04.974 INFO [http-nio-500-exec-179] org.apache.catalina.core.ApplicationContext.log Manager: list: Listing contexts for virtual host 'localhost'
30-May-2018 15:04:04.982 INFO [http-nio-500-exec-175] org.apache.catalina.core.ApplicationContext.log Manager: restart: Reloading web application '/springWebMvc'
30-May-2018 15:05:20.024 INFO [http-nio-500-exec-182] org.apache.catalina.core.ApplicationContext.log Manager: list: Listing contexts for virtual host 'localhost'
30-May-2018 15:05:47.334 INFO [http-nio-500-exec-186] org.apache.catalina.core.ApplicationContext.log Manager: list: Listing contexts for virtual host 'localhost'
30-May-2018 15:10:30.434 INFO [http-nio-500-exec-188] org.apache.catalina.core.ApplicationContext.log Manager: list: Listing contexts for virtual host 'localhost'
30-May-2018 15:10:30.648 INFO [http-nio-500-exec-185] org.apache.catalina.core.ApplicationContext.log Manager: restart: Reloading web application '/springWebMvc'
30-May-2018 15:10:48.694 INFO [http-nio-500-exec-193] org.apache.catalina.core.ApplicationContext.log Manager: list: Listing contexts for virtual host 'localhost'
30-May-2018 15:11:00.459 INFO [http-nio-500-exec-191] org.apache.catalina.core.ApplicationContext.log Manager: list: Listing contexts for virtual host 'localhost'
30-May-2018 15:11:22.808 INFO [http-nio-500-exec-193] org.apache.catalina.core.ApplicationContext.log Manager: list: Listing contexts for virtual host 'localhost'
30-May-2018 15:12:12.273 INFO [http-nio-500-exec-195] org.apache.catalina.core.ApplicationContext.log Manager: list: Listing contexts for virtual host 'localhost'
30-May-2018 15:12:26.978 INFO [http-nio-500-exec-196] org.apache.catalina.core.ApplicationContext.log Manager: list: Listing contexts for virtual host 'localhost'
30-May-2018 15:14:38.737 INFO [http-nio-500-exec-193] org.apache.catalina.core.ApplicationContext.log Manager: list: Listing contexts for virtual host 'localhost'
30-May-2018 15:18:34.823 INFO [http-nio-500-exec-194] org.apache.catalina.core.ApplicationContext.log Manager: list: Listing contexts for virtual host 'localhost'
30-May-2018 15:18:36.093 INFO [http-nio-500-exec-195] org.apache.catalina.core.ApplicationContext.log Manager: list: Listing contexts for virtual host 'localhost'
30-May-2018 15:18:56.762 INFO [http-nio-500-exec-194] org.apache.catalina.core.ApplicationContext.log Manager: list: Listing contexts for virtual host 'localhost'
30-May-2018 15:19:15.587 INFO [http-nio-500-exec-200] org.apache.catalina.core.ApplicationContext.log Manager: list: Listing contexts for virtual host 'localhost'
30-May-2018 15:20:55.984 INFO [http-nio-500-exec-195] org.apache.catalina.core.ApplicationContext.log Manager: list: Listing contexts for virtual host 'localhost'
30-May-2018 15:21:58.980 INFO [http-nio-500-exec-196] org.apache.catalina.core.ApplicationContext.log Manager: list: Listing contexts for virtual host 'localhost'
30-May-2018 15:22:23.414 INFO [http-nio-500-exec-201] org.apache.catalina.core.ApplicationContext.log Manager: list: Listing contexts for virtual host 'localhost'
30-May-2018 15:25:11.596 INFO [http-nio-500-exec-192] org.apache.catalina.core.ApplicationContext.log Manager: list: Listing contexts for virtual host 'localhost'
30-May-2018 15:25:17.724 INFO [http-nio-500-exec-196] org.apache.catalina.core.ApplicationContext.log Manager: list: Listing contexts for virtual host 'localhost'
30-May-2018 15:26:30.399 INFO [http-nio-500-exec-192] org.apache.catalina.core.ApplicationContext.log Manager: list: Listing contexts for virtual host 'localhost'
30-May-2018 15:27:04.344 INFO [http-nio-500-exec-194] org.apache.catalina.core.ApplicationContext.log Manager: list: Listing contexts for virtual host 'localhost'
30-May-2018 15:31:12.874 INFO [http-nio-500-exec-198] org.apache.catalina.core.ApplicationContext.log Manager: list: Listing contexts for virtual host 'localhost'
30-May-2018 15:31:36.815 INFO [http-nio-500-exec-192] org.apache.catalina.core.ApplicationContext.log Manager: list: Listing contexts for virtual host 'localhost'
30-May-2018 15:36:22.735 INFO [http-nio-500-exec-193] org.apache.catalina.core.ApplicationContext.log Manager: list: Listing contexts for virtual host 'localhost'
30-May-2018 15:41:55.160 INFO [http-nio-500-exec-196] org.apache.catalina.core.ApplicationContext.log Manager: list: Listing contexts for virtual host 'localhost'
30-May-2018 15:46:57.826 INFO [http-nio-500-exec-197] org.apache.catalina.core.ApplicationContext.log Manager: list: Listing contexts for virtual host 'localhost'
30-May-2018 15:46:57.938 INFO [http-nio-500-exec-200] org.apache.catalina.core.ApplicationContext.log Manager: restart: Reloading web application '/springWebMvc'
30-May-2018 15:47:58.567 INFO [http-nio-500-exec-201] org.apache.catalina.core.ApplicationContext.log Manager: list: Listing contexts for virtual host 'localhost'
30-May-2018 15:47:58.576 INFO [http-nio-500-exec-196] org.apache.catalina.core.ApplicationContext.log Manager: restart: Reloading web application '/springWebMvc'
30-May-2018 15:48:02.135 INFO [http-nio-500-exec-202] org.apache.catalina.core.ApplicationContext.log Manager: list: Listing contexts for virtual host 'localhost'
30-May-2018 15:48:02.142 INFO [http-nio-500-exec-195] org.apache.catalina.core.ApplicationContext.log Manager: restart: Reloading web application '/springWebMvc'
30-May-2018 15:54:55.127 INFO [http-nio-500-exec-214] org.apache.catalina.core.ApplicationContext.log Manager: list: Listing contexts for virtual host 'localhost'
30-May-2018 15:57:55.715 INFO [http-nio-500-exec-212] org.apache.catalina.core.ApplicationContext.log Manager: list: Listing contexts for virtual host 'localhost'
30-May-2018 16:00:57.309 INFO [http-nio-500-exec-207] org.apache.catalina.core.ApplicationContext.log Manager: list: Listing contexts for virtual host 'localhost'
30-May-2018 16:01:16.699 INFO [http-nio-500-exec-214] org.apache.catalina.core.ApplicationContext.log Manager: list: Listing contexts for virtual host 'localhost'
30-May-2018 16:02:35.786 INFO [http-nio-500-exec-206] org.apache.catalina.core.ApplicationContext.log Manager: list: Listing contexts for virtual host 'localhost'
30-May-2018 16:02:38.909 INFO [http-nio-500-exec-207] org.apache.catalina.core.ApplicationContext.log Manager: list: Listing contexts for virtual host 'localhost'
30-May-2018 16:04:00.190 INFO [http-nio-500-exec-209] org.apache.catalina.core.ApplicationContext.log Manager: list: Listing contexts for virtual host 'localhost'
30-May-2018 16:06:03.183 INFO [http-nio-500-exec-214] org.apache.catalina.core.ApplicationContext.log Manager: list: Listing contexts for virtual host 'localhost'
30-May-2018 16:06:09.219 INFO [http-nio-500-exec-209] org.apache.catalina.core.ApplicationContext.log Manager: list: Listing contexts for virtual host 'localhost'
30-May-2018 16:20:13.722 INFO [http-nio-500-exec-9] org.apache.catalina.core.ApplicationContext.log Manager: init: Associated with Deployer 'Catalina:type=Deployer,host=localhost'
30-May-2018 16:20:13.722 INFO [http-nio-500-exec-9] org.apache.catalina.core.ApplicationContext.log Manager: init: Global resources are available
30-May-2018 16:20:35.670 INFO [http-nio-500-exec-10] org.apache.catalina.core.ApplicationContext.log Manager: list: Listing contexts for virtual host 'localhost'
30-May-2018 16:20:35.678 INFO [http-nio-500-exec-4] org.apache.catalina.core.ApplicationContext.log Manager: list: Listing contexts for virtual host 'localhost'
30-May-2018 16:20:35.849 INFO [http-nio-500-exec-1] org.apache.catalina.core.ApplicationContext.log Manager: restart: Reloading web application '/springWebMvc'
30-May-2018 16:30:37.036 INFO [http-nio-500-exec-11] org.apache.catalina.core.ApplicationContext.log Manager: list: Listing contexts for virtual host 'localhost'
30-May-2018 16:31:26.243 INFO [http-nio-500-exec-18] org.apache.catalina.core.ApplicationContext.log Manager: list: Listing contexts for virtual host 'localhost'
30-May-2018 16:31:57.848 INFO [http-nio-500-exec-17] org.apache.catalina.core.ApplicationContext.log Manager: list: Listing contexts for virtual host 'localhost'
30-May-2018 16:35:01.734 INFO [http-nio-500-exec-17] org.apache.catalina.core.ApplicationContext.log Manager: list: Listing contexts for virtual host 'localhost'
30-May-2018 16:35:01.744 INFO [http-nio-500-exec-16] org.apache.catalina.core.ApplicationContext.log Manager: restart: Reloading web application '/springWebMvc'
30-May-2018 16:36:45.541 INFO [http-nio-500-exec-20] org.apache.catalina.core.ApplicationContext.log Manager: list: Listing contexts for virtual host 'localhost'
30-May-2018 16:37:23.919 INFO [http-nio-500-exec-25] org.apache.catalina.core.ApplicationContext.log Manager: list: Listing contexts for virtual host 'localhost'
30-May-2018 16:38:27.246 INFO [http-nio-500-exec-2] org.apache.catalina.core.ApplicationContext.log Manager: init: Associated with Deployer 'Catalina:type=Deployer,host=localhost'
30-May-2018 16:38:27.246 INFO [http-nio-500-exec-2] org.apache.catalina.core.ApplicationContext.log Manager: init: Global resources are available
30-May-2018 16:38:27.247 INFO [http-nio-500-exec-2] org.apache.catalina.core.ApplicationContext.log Manager: list: Listing contexts for virtual host 'localhost'
30-May-2018 16:38:27.263 INFO [http-nio-500-exec-5] org.apache.catalina.core.ApplicationContext.log Manager: list: Listing contexts for virtual host 'localhost'
30-May-2018 16:38:27.307 INFO [http-nio-500-exec-6] org.apache.catalina.core.ApplicationContext.log Manager: restart: Reloading web application '/springWebMvc'
30-May-2018 16:39:39.489 INFO [http-nio-500-exec-1] org.apache.catalina.core.ApplicationContext.log Manager: list: Listing contexts for virtual host 'localhost'
30-May-2018 16:39:56.213 INFO [http-nio-500-exec-17] org.apache.catalina.core.ApplicationContext.log Manager: list: Listing contexts for virtual host 'localhost'
30-May-2018 16:43:47.710 INFO [http-nio-500-exec-20] org.apache.catalina.core.ApplicationContext.log Manager: list: Listing contexts for virtual host 'localhost'
30-May-2018 16:44:28.786 INFO [http-nio-500-exec-18] org.apache.catalina.core.ApplicationContext.log Manager: list: Listing contexts for virtual host 'localhost'
30-May-2018 16:48:24.613 INFO [http-nio-500-exec-13] org.apache.catalina.core.ApplicationContext.log Manager: list: Listing contexts for virtual host 'localhost'
30-May-2018 16:48:24.622 INFO [http-nio-500-exec-15] org.apache.catalina.core.ApplicationContext.log Manager: restart: Reloading web application '/springWebMvc'
30-May-2018 16:51:08.948 INFO [http-nio-500-exec-13] org.apache.catalina.core.ApplicationContext.log Manager: list: Listing contexts for virtual host 'localhost'
30-May-2018 16:51:08.958 INFO [http-nio-500-exec-21] org.apache.catalina.core.ApplicationContext.log Manager: restart: Reloading web application '/springWebMvc'
30-May-2018 16:51:12.426 INFO [http-nio-500-exec-27] org.apache.catalina.core.ApplicationContext.log Manager: list: Listing contexts for virtual host 'localhost'
30-May-2018 16:51:12.441 INFO [http-nio-500-exec-24] org.apache.catalina.core.ApplicationContext.log Manager: restart: Reloading web application '/springWebMvc'
30-May-2018 16:51:47.649 INFO [http-nio-500-exec-29] org.apache.catalina.core.ApplicationContext.log Manager: list: Listing contexts for virtual host 'localhost'
30-May-2018 16:51:47.658 INFO [http-nio-500-exec-22] org.apache.catalina.core.ApplicationContext.log Manager: restart: Reloading web application '/springWebMvc'
30-May-2018 16:52:19.243 INFO [http-nio-500-exec-31] org.apache.catalina.core.ApplicationContext.log Manager: list: Listing contexts for virtual host 'localhost'
30-May-2018 16:52:19.252 INFO [http-nio-500-exec-29] org.apache.catalina.core.ApplicationContext.log Manager: restart: Reloading web application '/springWebMvc'
30-May-2018 16:52:53.315 INFO [http-nio-500-exec-33] org.apache.catalina.core.ApplicationContext.log Manager: list: Listing contexts for virtual host 'localhost'
30-May-2018 16:52:53.325 INFO [http-nio-500-exec-26] org.apache.catalina.core.ApplicationContext.log Manager: restart: Reloading web application '/springWebMvc'
30-May-2018 16:53:05.382 INFO [http-nio-500-exec-35] org.apache.catalina.core.ApplicationContext.log Manager: list: Listing contexts for virtual host 'localhost'
30-May-2018 16:53:05.391 INFO [http-nio-500-exec-33] org.apache.catalina.core.ApplicationContext.log Manager: restart: Reloading web application '/springWebMvc'
30-May-2018 16:58:01.129 INFO [http-nio-500-exec-36] org.apache.catalina.core.ApplicationContext.log Manager: list: Listing contexts for virtual host 'localhost'
30-May-2018 16:58:01.139 INFO [http-nio-500-exec-37] org.apache.catalina.core.ApplicationContext.log Manager: restart: Reloading web application '/springWebMvc'
30-May-2018 16:59:09.258 INFO [http-nio-500-exec-43] org.apache.catalina.core.ApplicationContext.log Manager: list: Listing contexts for virtual host 'localhost'
30-May-2018 16:59:17.203 INFO [http-nio-500-exec-49] org.apache.catalina.core.ApplicationContext.log Manager: list: Listing contexts for virtual host 'localhost'
30-May-2018 17:00:07.506 INFO [http-nio-500-exec-47] org.apache.catalina.core.ApplicationContext.log Manager: list: Listing contexts for virtual host 'localhost'
30-May-2018 17:01:10.037 INFO [http-nio-500-exec-48] org.apache.catalina.core.ApplicationContext.log Manager: list: Listing contexts for virtual host 'localhost'
30-May-2018 17:01:53.308 INFO [http-nio-500-exec-47] org.apache.catalina.core.ApplicationContext.log Manager: list: Listing contexts for virtual host 'localhost'
30-May-2018 17:06:33.794 INFO [http-nio-500-exec-51] org.apache.catalina.core.ApplicationContext.log Manager: list: Listing contexts for virtual host 'localhost'
30-May-2018 17:06:33.802 INFO [http-nio-500-exec-53] org.apache.catalina.core.ApplicationContext.log Manager: restart: Reloading web application '/springWebMvc'
30-May-2018 17:08:16.534 INFO [http-nio-500-exec-59] org.apache.catalina.core.ApplicationContext.log Manager: list: Listing contexts for virtual host 'localhost'
30-May-2018 17:08:16.551 INFO [http-nio-500-exec-60] org.apache.catalina.core.ApplicationContext.log Manager: restart: Reloading web application '/springWebMvc'
30-May-2018 17:11:19.612 INFO [http-nio-500-exec-66] org.apache.catalina.core.ApplicationContext.log Manager: list: Listing contexts for virtual host 'localhost'
30-May-2018 17:11:19.622 INFO [http-nio-500-exec-71] org.apache.catalina.core.ApplicationContext.log Manager: restart: Reloading web application '/springWebMvc'
30-May-2018 17:12:43.165 INFO [http-nio-500-exec-79] org.apache.catalina.core.ApplicationContext.log Manager: list: Listing contexts for virtual host 'localhost'
30-May-2018 17:12:43.173 INFO [http-nio-500-exec-73] org.apache.catalina.core.ApplicationContext.log Manager: restart: Reloading web application '/springWebMvc'
30-May-2018 17:14:48.004 INFO [http-nio-500-exec-81] org.apache.catalina.core.ApplicationContext.log Manager: list: Listing contexts for virtual host 'localhost'
30-May-2018 17:15:08.045 INFO [http-nio-500-exec-88] org.apache.catalina.core.ApplicationContext.log Manager: list: Listing contexts for virtual host 'localhost'
30-May-2018 17:15:20.896 INFO [http-nio-500-exec-83] org.apache.catalina.core.ApplicationContext.log Manager: list: Listing contexts for virtual host 'localhost'
30-May-2018 17:15:31.982 INFO [http-nio-500-exec-89] org.apache.catalina.core.ApplicationContext.log Manager: list: Listing contexts for virtual host 'localhost'
30-May-2018 17:18:14.534 INFO [http-nio-500-exec-85] org.apache.catalina.core.ApplicationContext.log Manager: list: Listing contexts for virtual host 'localhost'
30-May-2018 17:18:24.965 INFO [http-nio-500-exec-89] org.apache.catalina.core.ApplicationContext.log Manager: list: Listing contexts for virtual host 'localhost'
30-May-2018 17:19:13.386 INFO [http-nio-500-exec-88] org.apache.catalina.core.ApplicationContext.log Manager: list: Listing contexts for virtual host 'localhost'
30-May-2018 17:27:52.557 INFO [http-nio-500-exec-89] org.apache.catalina.core.ApplicationContext.log Manager: list: Listing contexts for virtual host 'localhost'
30-May-2018 17:27:52.907 INFO [http-nio-500-exec-84] org.apache.catalina.core.ApplicationContext.log Manager: restart: Reloading web application '/springWebMvc'
30-May-2018 17:28:05.809 INFO [http-nio-500-exec-90] org.apache.catalina.core.ApplicationContext.log Manager: list: Listing contexts for virtual host 'localhost'
30-May-2018 17:28:05.822 INFO [http-nio-500-exec-83] org.apache.catalina.core.ApplicationContext.log Manager: restart: Reloading web application '/springWebMvc'
30-May-2018 17:29:12.008 INFO [http-nio-500-exec-91] org.apache.catalina.core.ApplicationContext.log Manager: list: Listing contexts for virtual host 'localhost'
30-May-2018 17:32:15.080 INFO [http-nio-500-exec-96] org.apache.catalina.core.ApplicationContext.log Manager: list: Listing contexts for virtual host 'localhost'
30-May-2018 17:32:15.102 INFO [http-nio-500-exec-93] org.apache.catalina.core.ApplicationContext.log Manager: restart: Reloading web application '/springWebMvc'
30-May-2018 17:32:28.657 INFO [http-nio-500-exec-101] org.apache.catalina.core.ApplicationContext.log Manager: list: Listing contexts for virtual host 'localhost'
30-May-2018 17:33:01.064 INFO [http-nio-500-exec-94] org.apache.catalina.core.ApplicationContext.log Manager: list: Listing contexts for virtual host 'localhost'
30-May-2018 17:35:06.638 INFO [http-nio-500-exec-101] org.apache.catalina.core.ApplicationContext.log Manager: list: Listing contexts for virtual host 'localhost'
30-May-2018 17:35:06.648 INFO [http-nio-500-exec-100] org.apache.catalina.core.ApplicationContext.log Manager: restart: Reloading web application '/springWebMvc'
30-May-2018 17:35:11.018 INFO [http-nio-500-exec-106] org.apache.catalina.core.ApplicationContext.log Manager: list: Listing contexts for virtual host 'localhost'
30-May-2018 17:35:11.028 INFO [http-nio-500-exec-103] org.apache.catalina.core.ApplicationContext.log Manager: restart: Reloading web application '/springWebMvc'
30-May-2018 17:35:50.852 INFO [http-nio-500-exec-107] org.apache.catalina.core.ApplicationContext.log Manager: list: Listing contexts for virtual host 'localhost'
30-May-2018 17:35:50.861 INFO [http-nio-500-exec-101] org.apache.catalina.core.ApplicationContext.log Manager: restart: Reloading web application '/springWebMvc'
30-May-2018 17:35:55.010 INFO [http-nio-500-exec-110] org.apache.catalina.core.ApplicationContext.log Manager: list: Listing contexts for virtual host 'localhost'
30-May-2018 17:37:45.569 INFO [http-nio-500-exec-113] org.apache.catalina.core.ApplicationContext.log Manager: list: Listing contexts for virtual host 'localhost'
30-May-2018 17:38:04.053 INFO [http-nio-500-exec-106] org.apache.catalina.core.ApplicationContext.log Manager: list: Listing contexts for virtual host 'localhost'
30-May-2018 17:38:55.964 INFO [http-nio-500-exec-113] org.apache.catalina.core.ApplicationContext.log Manager: list: Listing contexts for virtual host 'localhost'
30-May-2018 17:45:02.647 INFO [http-nio-500-exec-119] org.apache.catalina.core.ApplicationContext.log Manager: list: Listing contexts for virtual host 'localhost'
30-May-2018 17:45:02.658 INFO [http-nio-500-exec-115] org.apache.catalina.core.ApplicationContext.log Manager: restart: Reloading web application '/springWebMvc'
30-May-2018 17:45:06.441 INFO [http-nio-500-exec-120] org.apache.catalina.core.ApplicationContext.log Manager: list: Listing contexts for virtual host 'localhost'
30-May-2018 17:45:06.450 INFO [http-nio-500-exec-118] org.apache.catalina.core.ApplicationContext.log Manager: restart: Reloading web application '/springWebMvc'
30-May-2018 17:46:16.723 INFO [http-nio-500-exec-117] org.apache.catalina.core.ApplicationContext.log Manager: list: Listing contexts for virtual host 'localhost'
30-May-2018 17:46:16.732 INFO [http-nio-500-exec-124] org.apache.catalina.core.ApplicationContext.log Manager: restart: Reloading web application '/springWebMvc'
30-May-2018 17:49:39.501 INFO [http-nio-500-exec-125] org.apache.catalina.core.ApplicationContext.log Manager: list: Listing contexts for virtual host 'localhost'
30-May-2018 17:49:39.513 INFO [http-nio-500-exec-126] org.apache.catalina.core.ApplicationContext.log Manager: restart: Reloading web application '/springWebMvc'
30-May-2018 17:49:48.497 INFO [http-nio-500-exec-134] org.apache.catalina.core.ApplicationContext.log Manager: list: Listing contexts for virtual host 'localhost'
30-May-2018 17:49:48.506 INFO [http-nio-500-exec-132] org.apache.catalina.core.ApplicationContext.log Manager: restart: Reloading web application '/springWebMvc'
30-May-2018 17:50:22.837 INFO [http-nio-500-exec-136] org.apache.catalina.core.ApplicationContext.log Manager: list: Listing contexts for virtual host 'localhost'
30-May-2018 17:50:22.847 INFO [http-nio-500-exec-125] org.apache.catalina.core.ApplicationContext.log Manager: restart: Reloading web application '/springWebMvc'
30-May-2018 17:52:09.961 INFO [http-nio-500-exec-140] org.apache.catalina.core.ApplicationContext.log Manager: list: Listing contexts for virtual host 'localhost'
30-May-2018 17:54:00.793 INFO [http-nio-500-exec-137] org.apache.catalina.core.ApplicationContext.log Manager: list: Listing contexts for virtual host 'localhost'
30-May-2018 17:54:00.802 INFO [http-nio-500-exec-140] org.apache.catalina.core.ApplicationContext.log Manager: restart: Reloading web application '/springWebMvc'
30-May-2018 17:56:34.927 INFO [http-nio-500-exec-146] org.apache.catalina.core.ApplicationContext.log Manager: list: Listing contexts for virtual host 'localhost'
30-May-2018 17:56:34.936 INFO [http-nio-500-exec-147] org.apache.catalina.core.ApplicationContext.log Manager: restart: Reloading web application '/springWebMvc'
30-May-2018 17:56:38.032 INFO [http-nio-500-exec-143] org.apache.catalina.core.ApplicationContext.log Manager: list: Listing contexts for virtual host 'localhost'
30-May-2018 17:56:38.045 INFO [http-nio-500-exec-145] org.apache.catalina.core.ApplicationContext.log Manager: restart: Reloading web application '/springWebMvc'
30-May-2018 17:57:32.197 INFO [http-nio-500-exec-149] org.apache.catalina.core.ApplicationContext.log Manager: list: Listing contexts for virtual host 'localhost'
30-May-2018 17:57:32.205 INFO [http-nio-500-exec-144] org.apache.catalina.core.ApplicationContext.log Manager: restart: Reloading web application '/springWebMvc'
30-May-2018 17:59:23.140 INFO [http-nio-500-exec-156] org.apache.catalina.core.ApplicationContext.log Manager: list: Listing contexts for virtual host 'localhost'
30-May-2018 17:59:23.149 INFO [http-nio-500-exec-158] org.apache.catalina.core.ApplicationContext.log Manager: restart: Reloading web application '/springWebMvc'
30-May-2018 17:59:45.034 INFO [http-nio-500-exec-163] org.apache.catalina.core.ApplicationContext.log Manager: list: Listing contexts for virtual host 'localhost'
30-May-2018 17:59:45.043 INFO [http-nio-500-exec-155] org.apache.catalina.core.ApplicationContext.log Manager: restart: Reloading web application '/springWebMvc'
30-May-2018 18:00:14.081 INFO [http-nio-500-exec-169] org.apache.catalina.core.ApplicationContext.log Manager: list: Listing contexts for virtual host 'localhost'
30-May-2018 18:00:14.091 INFO [http-nio-500-exec-165] org.apache.catalina.core.ApplicationContext.log Manager: restart: Reloading web application '/springWebMvc'
30-May-2018 18:04:23.951 INFO [http-nio-500-exec-179] org.apache.catalina.core.ApplicationContext.log Manager: list: Listing contexts for virtual host 'localhost'
30-May-2018 18:04:24.290 INFO [http-nio-500-exec-170] org.apache.catalina.core.ApplicationContext.log Manager: restart: Reloading web application '/springWebMvc'
30-May-2018 18:05:58.082 INFO [http-nio-500-exec-180] org.apache.catalina.core.ApplicationContext.log Manager: list: Listing contexts for virtual host 'localhost'
30-May-2018 18:05:58.098 INFO [http-nio-500-exec-185] org.apache.catalina.core.ApplicationContext.log Manager: restart: Reloading web application '/springWebMvc'
30-May-2018 18:08:08.579 INFO [http-nio-500-exec-195] org.apache.catalina.core.ApplicationContext.log Manager: list: Listing contexts for virtual host 'localhost'
30-May-2018 18:11:34.193 INFO [http-nio-500-exec-11] org.apache.catalina.core.ApplicationContext.log Manager: init: Associated with Deployer 'Catalina:type=Deployer,host=localhost'
30-May-2018 18:11:34.193 INFO [http-nio-500-exec-11] org.apache.catalina.core.ApplicationContext.log Manager: init: Global resources are available
30-May-2018 18:11:41.077 INFO [http-nio-500-exec-2] org.apache.catalina.core.ApplicationContext.log Manager: list: Listing contexts for virtual host 'localhost'
30-May-2018 18:11:41.109 INFO [http-nio-500-exec-1] org.apache.catalina.core.ApplicationContext.log Manager: list: Listing contexts for virtual host 'localhost'
30-May-2018 18:11:41.168 INFO [http-nio-500-exec-5] org.apache.catalina.core.ApplicationContext.log Manager: undeploy: Undeploying web application at '/springWebMvc'
30-May-2018 18:11:42.200 INFO [http-nio-500-exec-3] org.apache.catalina.core.ApplicationContext.log Manager: install: Installing context configuration at 'file:/C:/Users/Rio.Rai/AppData/Local/Temp/context5434096677489621182.xml'
30-May-2018 18:11:45.004 INFO [http-nio-500-exec-11] org.apache.catalina.core.ApplicationContext.log Manager: start: Starting web application '/springWebMvc'
30-May-2018 18:13:07.796 INFO [http-nio-500-exec-21] org.apache.catalina.core.ApplicationContext.log Manager: list: Listing contexts for virtual host 'localhost'
30-May-2018 18:13:07.804 INFO [http-nio-500-exec-19] org.apache.catalina.core.ApplicationContext.log Manager: restart: Reloading web application '/springWebMvc'
30-May-2018 18:13:15.653 INFO [http-nio-500-exec-27] org.apache.catalina.core.ApplicationContext.log Manager: list: Listing contexts for virtual host 'localhost'
30-May-2018 18:13:15.661 INFO [http-nio-500-exec-16] org.apache.catalina.core.ApplicationContext.log Manager: restart: Reloading web application '/springWebMvc'
30-May-2018 18:17:55.170 INFO [http-nio-500-exec-10] org.apache.catalina.core.ApplicationContext.log Manager: init: Associated with Deployer 'Catalina:type=Deployer,host=localhost'
30-May-2018 18:17:55.171 INFO [http-nio-500-exec-10] org.apache.catalina.core.ApplicationContext.log Manager: init: Global resources are available
30-May-2018 18:19:20.832 INFO [http-nio-500-exec-8] org.apache.catalina.core.ApplicationContext.log Manager: list: Listing contexts for virtual host 'localhost'
30-May-2018 18:19:39.832 INFO [http-nio-500-exec-8] org.apache.catalina.core.ApplicationContext.log Manager: list: Listing contexts for virtual host 'localhost'
30-May-2018 18:19:39.836 INFO [http-nio-500-exec-10] org.apache.catalina.core.ApplicationContext.log Manager: list: Listing contexts for virtual host 'localhost'
30-May-2018 18:19:39.889 INFO [http-nio-500-exec-4] org.apache.catalina.core.ApplicationContext.log Manager: restart: Reloading web application '/springWebMvc'
30-May-2018 18:20:35.919 INFO [http-nio-500-exec-21] org.apache.catalina.core.ApplicationContext.log Manager: list: Listing contexts for virtual host 'localhost'
30-May-2018 18:22:16.775 INFO [http-nio-500-exec-15] org.apache.catalina.core.ApplicationContext.log Manager: list: Listing contexts for virtual host 'localhost'
30-May-2018 18:22:16.785 INFO [http-nio-500-exec-20] org.apache.catalina.core.ApplicationContext.log Manager: restart: Reloading web application '/springWebMvc'
30-May-2018 18:26:03.823 INFO [http-nio-500-exec-7] org.apache.catalina.core.ApplicationContext.log Manager: init: Associated with Deployer 'Catalina:type=Deployer,host=localhost'
30-May-2018 18:26:03.823 INFO [http-nio-500-exec-7] org.apache.catalina.core.ApplicationContext.log Manager: init: Global resources are available
30-May-2018 18:26:04.501 INFO [http-nio-500-exec-8] org.apache.catalina.core.ApplicationContext.log Manager: list: Listing contexts for virtual host 'localhost'
30-May-2018 18:26:04.505 INFO [http-nio-500-exec-9] org.apache.catalina.core.ApplicationContext.log Manager: list: Listing contexts for virtual host 'localhost'
30-May-2018 18:26:04.690 INFO [http-nio-500-exec-10] org.apache.catalina.core.ApplicationContext.log Manager: restart: Reloading web application '/springWebMvc'
30-May-2018 18:28:04.615 INFO [http-nio-500-exec-17] org.apache.catalina.core.ApplicationContext.log Manager: list: Listing contexts for virtual host 'localhost'
30-May-2018 18:28:04.622 INFO [http-nio-500-exec-11] org.apache.catalina.core.ApplicationContext.log Manager: restart: Reloading web application '/springWebMvc'
30-May-2018 18:28:17.079 INFO [http-nio-500-exec-17] org.apache.catalina.core.ApplicationContext.log Manager: list: Listing contexts for virtual host 'localhost'
30-May-2018 18:28:17.089 INFO [http-nio-500-exec-14] org.apache.catalina.core.ApplicationContext.log Manager: restart: Reloading web application '/springWebMvc'
30-May-2018 18:29:00.492 INFO [http-nio-500-exec-15] org.apache.catalina.core.ApplicationContext.log Manager: list: Listing contexts for virtual host 'localhost'
30-May-2018 19:05:59.214 INFO [http-nio-500-exec-6] org.apache.catalina.core.ApplicationContext.log Manager: init: Associated with Deployer 'Catalina:type=Deployer,host=localhost'
30-May-2018 19:05:59.214 INFO [http-nio-500-exec-6] org.apache.catalina.core.ApplicationContext.log Manager: init: Global resources are available
30-May-2018 19:05:59.753 INFO [http-nio-500-exec-8] org.apache.catalina.core.ApplicationContext.log Manager: list: Listing contexts for virtual host 'localhost'
30-May-2018 19:05:59.757 INFO [http-nio-500-exec-9] org.apache.catalina.core.ApplicationContext.log Manager: list: Listing contexts for virtual host 'localhost'
30-May-2018 19:05:59.828 INFO [http-nio-500-exec-10] org.apache.catalina.core.ApplicationContext.log Manager: restart: Reloading web application '/springWebMvc'
30-May-2018 19:08:36.401 INFO [http-nio-500-exec-11] org.apache.catalina.core.ApplicationContext.log Manager: list: Listing contexts for virtual host 'localhost'
30-May-2018 19:08:36.412 INFO [http-nio-500-exec-12] org.apache.catalina.core.ApplicationContext.log Manager: restart: Reloading web application '/springWebMvc'
30-May-2018 19:08:56.555 INFO [http-nio-500-exec-18] org.apache.catalina.core.ApplicationContext.log Manager: list: Listing contexts for virtual host 'localhost'
30-May-2018 19:08:56.563 INFO [http-nio-500-exec-21] org.apache.catalina.core.ApplicationContext.log Manager: restart: Reloading web application '/springWebMvc'
30-May-2018 19:10:12.779 INFO [http-nio-500-exec-30] org.apache.catalina.core.ApplicationContext.log Manager: list: Listing contexts for virtual host 'localhost'
30-May-2018 19:10:12.788 INFO [http-nio-500-exec-25] org.apache.catalina.core.ApplicationContext.log Manager: restart: Reloading web application '/springWebMvc'
30-May-2018 19:12:59.285 INFO [http-nio-500-exec-33] org.apache.catalina.core.ApplicationContext.log Manager: list: Listing contexts for virtual host 'localhost'
30-May-2018 19:12:59.298 INFO [http-nio-500-exec-35] org.apache.catalina.core.ApplicationContext.log Manager: restart: Reloading web application '/springWebMvc'
30-May-2018 19:13:13.022 INFO [http-nio-500-exec-36] org.apache.catalina.core.ApplicationContext.log Manager: list: Listing contexts for virtual host 'localhost'
30-May-2018 19:13:13.030 INFO [http-nio-500-exec-37] org.apache.catalina.core.ApplicationContext.log Manager: restart: Reloading web application '/springWebMvc'
30-May-2018 19:14:45.358 INFO [http-nio-500-exec-45] org.apache.catalina.core.ApplicationContext.log Manager: list: Listing contexts for virtual host 'localhost'
30-May-2018 19:14:45.366 INFO [http-nio-500-exec-46] org.apache.catalina.core.ApplicationContext.log Manager: restart: Reloading web application '/springWebMvc'
30-May-2018 19:15:18.890 INFO [http-nio-500-exec-33] org.apache.catalina.core.ApplicationContext.log Manager: list: Listing contexts for virtual host 'localhost'
30-May-2018 19:15:18.899 INFO [http-nio-500-exec-44] org.apache.catalina.core.ApplicationContext.log Manager: restart: Reloading web application '/springWebMvc'
30-May-2018 19:15:27.648 INFO [http-nio-500-exec-59] org.apache.catalina.core.ApplicationContext.log Manager: list: Listing contexts for virtual host 'localhost'
30-May-2018 19:16:51.959 INFO [http-nio-500-exec-59] org.apache.catalina.core.ApplicationContext.log Manager: list: Listing contexts for virtual host 'localhost'
30-May-2018 19:16:51.966 INFO [http-nio-500-exec-58] org.apache.catalina.core.ApplicationContext.log Manager: restart: Reloading web application '/springWebMvc'
30-May-2018 19:18:28.293 INFO [http-nio-500-exec-64] org.apache.catalina.core.ApplicationContext.log Manager: list: Listing contexts for virtual host 'localhost'
30-May-2018 19:18:28.301 INFO [http-nio-500-exec-67] org.apache.catalina.core.ApplicationContext.log Manager: restart: Reloading web application '/springWebMvc'
30-May-2018 19:19:26.665 INFO [http-nio-500-exec-8] org.apache.catalina.core.ApplicationContext.log Manager: init: Associated with Deployer 'Catalina:type=Deployer,host=localhost'
30-May-2018 19:19:26.665 INFO [http-nio-500-exec-8] org.apache.catalina.core.ApplicationContext.log Manager: init: Global resources are available
30-May-2018 19:19:34.369 INFO [http-nio-500-exec-7] org.apache.catalina.core.ApplicationContext.log Manager: list: Listing contexts for virtual host 'localhost'
30-May-2018 19:19:34.372 INFO [http-nio-500-exec-10] org.apache.catalina.core.ApplicationContext.log Manager: list: Listing contexts for virtual host 'localhost'
30-May-2018 19:19:34.421 INFO [http-nio-500-exec-4] org.apache.catalina.core.ApplicationContext.log Manager: undeploy: Undeploying web application at '/springWebMvc'
30-May-2018 19:19:35.151 INFO [http-nio-500-exec-3] org.apache.catalina.core.ApplicationContext.log Manager: install: Installing context configuration at 'file:/C:/Users/Rio.Rai/AppData/Local/Temp/context3631236065865281316.xml'
30-May-2018 19:19:37.746 INFO [http-nio-500-exec-8] org.apache.catalina.core.ApplicationContext.log Manager: start: Starting web application '/springWebMvc'
30-May-2018 19:23:04.271 INFO [http-nio-500-exec-15] org.apache.catalina.core.ApplicationContext.log Manager: list: Listing contexts for virtual host 'localhost'
30-May-2018 19:23:41.122 INFO [http-nio-500-exec-19] org.apache.catalina.core.ApplicationContext.log Manager: list: Listing contexts for virtual host 'localhost'
30-May-2018 19:25:16.074 INFO [http-nio-500-exec-16] org.apache.catalina.core.ApplicationContext.log Manager: list: Listing contexts for virtual host 'localhost'
30-May-2018 19:25:24.976 INFO [http-nio-500-exec-15] org.apache.catalina.core.ApplicationContext.log Manager: list: Listing contexts for virtual host 'localhost'
30-May-2018 19:25:24.996 INFO [http-nio-500-exec-14] org.apache.catalina.core.ApplicationContext.log Manager: restart: Reloading web application '/springWebMvc'
30-May-2018 19:25:57.732 INFO [http-nio-500-exec-22] org.apache.catalina.core.ApplicationContext.log Manager: list: Listing contexts for virtual host 'localhost'
30-May-2018 19:26:08.949 INFO [http-nio-500-exec-21] org.apache.catalina.core.ApplicationContext.log Manager: list: Listing contexts for virtual host 'localhost'
30-May-2018 19:26:08.953 INFO [http-nio-500-exec-22] org.apache.catalina.core.ApplicationContext.log Manager: list: Listing contexts for virtual host 'localhost'
30-May-2018 19:26:08.986 INFO [http-nio-500-exec-19] org.apache.catalina.core.ApplicationContext.log Manager: restart: Reloading web application '/springWebMvc'
30-May-2018 19:28:14.044 INFO [http-nio-500-exec-25] org.apache.catalina.core.ApplicationContext.log Manager: list: Listing contexts for virtual host 'localhost'
30-May-2018 19:28:24.853 INFO [http-nio-500-exec-24] org.apache.catalina.core.ApplicationContext.log Manager: list: Listing contexts for virtual host 'localhost'
30-May-2018 19:28:24.856 INFO [http-nio-500-exec-25] org.apache.catalina.core.ApplicationContext.log Manager: list: Listing contexts for virtual host 'localhost'
30-May-2018 19:28:49.440 INFO [http-nio-500-exec-31] org.apache.catalina.core.ApplicationContext.log Manager: list: Listing contexts for virtual host 'localhost'
